;  LST file generated by mikroListExporter - v.2.0 
; Date/Time: 20/08/2014 01:17:24
;----------------------------------------------

;Address Opcode 	ASM
0x0000	0xF004EF0F  	GOTO        2078
0x0004	0x0000      	NOP
0x0006	0x0000      	NOP
0x0008	0xF000EF00  	GOTO        0
0x000C	0x0000      	NOP
0x000E	0x0000      	NOP
0x0010	0x0000      	NOP
0x0012	0x0000      	NOP
0x0014	0x0000      	NOP
0x0016	0x0000      	NOP
0x0018	0xD7F3      	BRA         0
_Div_16x16_U:
;__Lib_Math.c,102 :: 		
;__Lib_Math.c,109 :: 		
0x001C	0x6A08      	CLRF        R8, 0
;__Lib_Math.c,110 :: 		
0x001E	0x6A09      	CLRF        R9, 0
;__Lib_Math.c,111 :: 		
0x0020	0x0E10      	MOVLW       16
;__Lib_Math.c,112 :: 		
0x0022	0x6E0C      	MOVWF       R12, 0
;__Lib_Math.c,113 :: 		
0x0024	0x3401      	RLCF        R1, 0, 0
;__Lib_Math.c,114 :: 		
0x0026	0x3608      	RLCF        R8, 1, 0
;__Lib_Math.c,115 :: 		
0x0028	0x3609      	RLCF        R9, 1, 0
;__Lib_Math.c,116 :: 		
0x002A	0x5004      	MOVF        R4, 0, 0
;__Lib_Math.c,117 :: 		
0x002C	0x5E08      	SUBWF       R8, 1, 0
;__Lib_Math.c,118 :: 		
0x002E	0x5005      	MOVF        R5, 0, 0
;__Lib_Math.c,119 :: 		
0x0030	0xA0D8      	BTFSS       STATUS, 0, 0
;__Lib_Math.c,120 :: 		
0x0032	0x3C05      	INCFSZ      R5, 0, 0
;__Lib_Math.c,121 :: 		
0x0034	0x5E09      	SUBWF       R9, 1, 0
;__Lib_Math.c,122 :: 		
0x0036	0xB0D8      	BTFSC       STATUS, 0, 0
;__Lib_Math.c,123 :: 		
0x0038	0xD007      	BRA         $+16
;__Lib_Math.c,124 :: 		
0x003A	0x5004      	MOVF        R4, 0, 0
;__Lib_Math.c,125 :: 		
0x003C	0x2608      	ADDWF       R8, 1, 0
;__Lib_Math.c,126 :: 		
0x003E	0x5005      	MOVF        R5, 0, 0
;__Lib_Math.c,127 :: 		
0x0040	0xB0D8      	BTFSC       STATUS, 0, 0
;__Lib_Math.c,128 :: 		
0x0042	0x3C05      	INCFSZ      R5, 0, 0
;__Lib_Math.c,129 :: 		
0x0044	0x2609      	ADDWF       R9, 1, 0
;__Lib_Math.c,130 :: 		
0x0046	0x90D8      	BCF         STATUS, 0, 0
;__Lib_Math.c,131 :: 		
0x0048	0x3600      	RLCF        R0, 1, 0
;__Lib_Math.c,132 :: 		
0x004A	0x3601      	RLCF        R1, 1, 0
;__Lib_Math.c,133 :: 		
0x004C	0x2E0C      	DECFSZ      R12, 1, 0
;__Lib_Math.c,134 :: 		
0x004E	0xD7EA      	BRA         $-42
;__Lib_Math.c,136 :: 		
0x0050	0x0012      	RETURN      0
; end of _Div_16x16_U
_I2C1_Is_Idle:
;__Lib_I2C_b10.c,27 :: 		
;__Lib_I2C_b10.c,28 :: 		
0x0052	0xB4C7      	BTFSC       SSPSTAT, 2 
0x0054	0xD009      	BRA         L_I2C1_Is_Idle0
;__Lib_I2C_b10.c,29 :: 		
0x0056	0x0E1F      	MOVLW       31
0x0058	0x14C5      	ANDWF       SSPCON2, 0 
0x005A	0x6E01      	MOVWF       R1 
0x005C	0x5001      	MOVF        R1, 0 
0x005E	0x0A00      	XORLW       0
0x0060	0xE103      	BNZ         L_I2C1_Is_Idle1
;__Lib_I2C_b10.c,30 :: 		
0x0062	0x0E01      	MOVLW       1
0x0064	0x6E00      	MOVWF       R0 
0x0066	0x0012      	RETURN      0
L_I2C1_Is_Idle1:
L_I2C1_Is_Idle0:
;__Lib_I2C_b10.c,31 :: 		
0x0068	0x6A00      	CLRF        R0 
;__Lib_I2C_b10.c,32 :: 		
0x006A	0x0012      	RETURN      0
; end of _I2C1_Is_Idle
_I2C1_Start:
;__Lib_I2C_b10.c,34 :: 		
;__Lib_I2C_b10.c,37 :: 		
0x006C	0x0100      	MOVLB       0
0x006E	0x6BC2      	CLRF        I2C1_Start_j_L0, 1
0x0070	0x6BC3      	CLRF        I2C1_Start_j_L0+1, 1
L_I2C1_Start2:
0x0072	0x51C3      	MOVF        I2C1_Start_j_L0+1, 0, 1
0x0074	0x0812      	SUBLW       18
0x0076	0xE102      	BNZ         L__I2C1_Start24
0x0078	0x51C2      	MOVF        I2C1_Start_j_L0, 0, 1
0x007A	0x088E      	SUBLW       142
L__I2C1_Start24:
0x007C	0xE308      	BNC         L_I2C1_Start3
;__Lib_I2C_b10.c,38 :: 		
0x007E	0xDFE9      	RCALL       _I2C1_Is_Idle
0x0080	0x5200      	MOVF        R0, 1 
0x0082	0xE001      	BZ          L_I2C1_Start5
;__Lib_I2C_b10.c,39 :: 		
0x0084	0xD004      	BRA         L_I2C1_Start3
L_I2C1_Start5:
;__Lib_I2C_b10.c,37 :: 		
0x0086	0x0100      	MOVLB       0
0x0088	0x4BC2      	INFSNZ      I2C1_Start_j_L0, 1, 1
0x008A	0x2BC3      	INCF        I2C1_Start_j_L0+1, 1, 1
;__Lib_I2C_b10.c,40 :: 		
0x008C	0xD7F2      	BRA         L_I2C1_Start2
L_I2C1_Start3:
0x008E	0x0100      	MOVLB       0
;__Lib_I2C_b10.c,42 :: 		
0x0090	0x0E12      	MOVLW       18
0x0092	0x5DC3      	SUBWF       I2C1_Start_j_L0+1, 0, 1
0x0094	0xE102      	BNZ         L__I2C1_Start25
0x0096	0x0E8F      	MOVLW       143
0x0098	0x5DC2      	SUBWF       I2C1_Start_j_L0, 0, 1
L__I2C1_Start25:
0x009A	0xE303      	BNC         L_I2C1_Start6
;__Lib_I2C_b10.c,43 :: 		
0x009C	0x0E7B      	MOVLW       123
0x009E	0x6E00      	MOVWF       R0 
0x00A0	0x0012      	RETURN      0
L_I2C1_Start6:
;__Lib_I2C_b10.c,45 :: 		
0x00A2	0x80C5      	BSF         SSPCON2, 0 
;__Lib_I2C_b10.c,46 :: 		
L_I2C1_Start8:
0x00A4	0xA0C5      	BTFSS       SSPCON2, 0 
0x00A6	0xD001      	BRA         L_I2C1_Start9
;__Lib_I2C_b10.c,47 :: 		
0x00A8	0xD7FD      	BRA         L_I2C1_Start8
L_I2C1_Start9:
;__Lib_I2C_b10.c,48 :: 		
0x00AA	0x6A00      	CLRF        R0 
;__Lib_I2C_b10.c,50 :: 		
0x00AC	0x0012      	RETURN      0
; end of _I2C1_Start
_I2C1_Rd:
;__Lib_I2C_b10.c,58 :: 		
;__Lib_I2C_b10.c,61 :: 		
0x00AE	0x969E      	BCF         PIR1, 3 
;__Lib_I2C_b10.c,62 :: 		
0x00B0	0x86C5      	BSF         SSPCON2, 3 
;__Lib_I2C_b10.c,64 :: 		
L_I2C1_Rd12:
0x00B2	0xB69E      	BTFSC       PIR1, 3 
0x00B4	0xD001      	BRA         L_I2C1_Rd13
;__Lib_I2C_b10.c,65 :: 		
0x00B6	0xD7FD      	BRA         L_I2C1_Rd12
L_I2C1_Rd13:
;__Lib_I2C_b10.c,67 :: 		
0x00B8	0xF001CFC9  	MOVFF       SSPBUF, R1
;__Lib_I2C_b10.c,68 :: 		
0x00BC	0x0100      	MOVLB       0
0x00BE	0x51C2      	MOVF        FARG_I2C1_Rd_ack, 0, 1
0x00C0	0x0A00      	XORLW       0
0x00C2	0xE102      	BNZ         L_I2C1_Rd14
;__Lib_I2C_b10.c,69 :: 		
0x00C4	0x8AC5      	BSF         SSPCON2, 5 
0x00C6	0xD001      	BRA         L_I2C1_Rd15
L_I2C1_Rd14:
;__Lib_I2C_b10.c,71 :: 		
0x00C8	0x9AC5      	BCF         SSPCON2, 5 
L_I2C1_Rd15:
;__Lib_I2C_b10.c,73 :: 		
0x00CA	0x969E      	BCF         PIR1, 3 
;__Lib_I2C_b10.c,74 :: 		
0x00CC	0x88C5      	BSF         SSPCON2, 4 
;__Lib_I2C_b10.c,76 :: 		
L_I2C1_Rd16:
0x00CE	0xB69E      	BTFSC       PIR1, 3 
0x00D0	0xD001      	BRA         L_I2C1_Rd17
;__Lib_I2C_b10.c,77 :: 		
0x00D2	0xD7FD      	BRA         L_I2C1_Rd16
L_I2C1_Rd17:
;__Lib_I2C_b10.c,79 :: 		
0x00D4	0xF000C001  	MOVFF       R1, R0
;__Lib_I2C_b10.c,80 :: 		
0x00D8	0x0012      	RETURN      0
; end of _I2C1_Rd
_I2C1_Wr:
;__Lib_I2C_b10.c,82 :: 		
;__Lib_I2C_b10.c,84 :: 		
0x00DA	0x969E      	BCF         PIR1, 3 
;__Lib_I2C_b10.c,85 :: 		
0x00DC	0xFFC9C0C2  	MOVFF       FARG_I2C1_Wr_data_, SSPBUF
;__Lib_I2C_b10.c,87 :: 		
L_I2C1_Wr18:
0x00E0	0xA4C7      	BTFSS       SSPSTAT, 2 
0x00E2	0xD001      	BRA         L_I2C1_Wr19
;__Lib_I2C_b10.c,88 :: 		
0x00E4	0xD7FD      	BRA         L_I2C1_Wr18
L_I2C1_Wr19:
;__Lib_I2C_b10.c,90 :: 		
L_I2C1_Wr20:
0x00E6	0xB69E      	BTFSC       PIR1, 3 
0x00E8	0xD001      	BRA         L_I2C1_Wr21
;__Lib_I2C_b10.c,91 :: 		
0x00EA	0xD7FD      	BRA         L_I2C1_Wr20
L_I2C1_Wr21:
;__Lib_I2C_b10.c,93 :: 		
0x00EC	0xBCC5      	BTFSC       SSPCON2, 6 
0x00EE	0xD002      	BRA         L_I2C1_Wr22
;__Lib_I2C_b10.c,94 :: 		
0x00F0	0x6A00      	CLRF        R0 
0x00F2	0x0012      	RETURN      0
;__Lib_I2C_b10.c,95 :: 		
L_I2C1_Wr22:
;__Lib_I2C_b10.c,97 :: 		
0x00F4	0x84C5      	BSF         SSPCON2, 2 
;__Lib_I2C_b10.c,98 :: 		
0x00F6	0x0E02      	MOVLW       2
0x00F8	0x6E00      	MOVWF       R0 
;__Lib_I2C_b10.c,100 :: 		
0x00FA	0x0012      	RETURN      0
; end of _I2C1_Wr
_I2C1_Stop:
;__Lib_I2C_b10.c,103 :: 		
;__Lib_I2C_b10.c,104 :: 		
0x00FC	0x84C5      	BSF         SSPCON2, 2 
;__Lib_I2C_b10.c,105 :: 		
0x00FE	0x0012      	RETURN      0
; end of _I2C1_Stop
_UART1_Write:
;__Lib_UART_c67.c,58 :: 		
;__Lib_UART_c67.c,59 :: 		
L_UART1_Write3:
0x0100	0xB2AC      	BTFSC       TXSTA, 1 
0x0102	0xD002      	BRA         L_UART1_Write4
;__Lib_UART_c67.c,60 :: 		
0x0104	0x0000      	NOP
0x0106	0xD7FC      	BRA         L_UART1_Write3
L_UART1_Write4:
;__Lib_UART_c67.c,61 :: 		
0x0108	0xFFADC0C2  	MOVFF       FARG_UART1_Write_data_, TXREG
;__Lib_UART_c67.c,62 :: 		
0x010C	0x0012      	RETURN      0
; end of _UART1_Write
_WordToStr:
;__Lib_Conversions.c,84 :: 		
;__Lib_Conversions.c,89 :: 		
0x010E	0x0100      	MOVLB       0
0x0110	0x6BC6      	CLRF        WordToStr_len_L0, 1
L_WordToStr6:
0x0112	0x0E05      	MOVLW       5
0x0114	0x5DC6      	SUBWF       WordToStr_len_L0, 0, 1
0x0116	0xE20A      	BC          L_WordToStr7
;__Lib_Conversions.c,90 :: 		
0x0118	0x51C6      	MOVF        WordToStr_len_L0, 0, 1
0x011A	0x25C4      	ADDWF       FARG_WordToStr_output, 0, 1
0x011C	0x6EE1      	MOVWF       FSR1L 
0x011E	0x0E00      	MOVLW       0
0x0120	0x21C5      	ADDWFC      FARG_WordToStr_output+1, 0, 1
0x0122	0x6EE2      	MOVWF       FSR1H 
0x0124	0x0E20      	MOVLW       32
0x0126	0x6EE6      	MOVWF       POSTINC1 
;__Lib_Conversions.c,89 :: 		
0x0128	0x2BC6      	INCF        WordToStr_len_L0, 1, 1
;__Lib_Conversions.c,90 :: 		
0x012A	0xD7F3      	BRA         L_WordToStr6
L_WordToStr7:
;__Lib_Conversions.c,91 :: 		
0x012C	0x51C6      	MOVF        WordToStr_len_L0, 0, 1
0x012E	0x25C4      	ADDWF       FARG_WordToStr_output, 0, 1
0x0130	0x6EE1      	MOVWF       FSR1L 
0x0132	0x0E00      	MOVLW       0
0x0134	0x21C5      	ADDWFC      FARG_WordToStr_output+1, 0, 1
0x0136	0x6EE2      	MOVWF       FSR1H 
0x0138	0x6AE6      	CLRF        POSTINC1 
0x013A	0x07C6      	DECF        WordToStr_len_L0, 1, 1
;__Lib_Conversions.c,93 :: 		
L_WordToStr9:
;__Lib_Conversions.c,94 :: 		
0x013C	0x51C6      	MOVF        WordToStr_len_L0, 0, 1
0x013E	0x25C4      	ADDWF       FARG_WordToStr_output, 0, 1
0x0140	0x6FC7      	MOVWF       FLOC__WordToStr, 1
0x0142	0x0E00      	MOVLW       0
0x0144	0x21C5      	ADDWFC      FARG_WordToStr_output+1, 0, 1
0x0146	0x6FC8      	MOVWF       FLOC__WordToStr+1, 1
0x0148	0x0E0A      	MOVLW       10
0x014A	0x6E04      	MOVWF       R4 
0x014C	0x0E00      	MOVLW       0
0x014E	0x6E05      	MOVWF       R5 
0x0150	0xF000C0C2  	MOVFF       FARG_WordToStr_input, R0
0x0154	0xF001C0C3  	MOVFF       FARG_WordToStr_input+1, R1
0x0158	0xDF61      	RCALL       _Div_16x16_U
0x015A	0xF000C008  	MOVFF       R8, R0
0x015E	0xF001C009  	MOVFF       R9, R1
0x0162	0x0E30      	MOVLW       48
0x0164	0x2600      	ADDWF       R0, 1 
0x0166	0xFFE1C0C7  	MOVFF       FLOC__WordToStr, FSR1L
0x016A	0xFFE2C0C8  	MOVFF       FLOC__WordToStr+1, FSR1H
0x016E	0xFFE6C000  	MOVFF       R0, POSTINC1
;__Lib_Conversions.c,95 :: 		
0x0172	0x0E0A      	MOVLW       10
0x0174	0x6E04      	MOVWF       R4 
0x0176	0x0E00      	MOVLW       0
0x0178	0x6E05      	MOVWF       R5 
0x017A	0xF000C0C2  	MOVFF       FARG_WordToStr_input, R0
0x017E	0xF001C0C3  	MOVFF       FARG_WordToStr_input+1, R1
0x0182	0xDF4C      	RCALL       _Div_16x16_U
0x0184	0xF0C2C000  	MOVFF       R0, FARG_WordToStr_input
0x0188	0xF0C3C001  	MOVFF       R1, FARG_WordToStr_input+1
;__Lib_Conversions.c,96 :: 		
0x018C	0x0E00      	MOVLW       0
0x018E	0x1801      	XORWF       R1, 0 
0x0190	0xE102      	BNZ         L__WordToStr96
0x0192	0x0E00      	MOVLW       0
0x0194	0x1800      	XORWF       R0, 0 
L__WordToStr96:
0x0196	0xE101      	BNZ         L_WordToStr11
;__Lib_Conversions.c,97 :: 		
0x0198	0xD002      	BRA         L_WordToStr10
L_WordToStr11:
;__Lib_Conversions.c,98 :: 		
0x019A	0x07C6      	DECF        WordToStr_len_L0, 1, 1
;__Lib_Conversions.c,99 :: 		
0x019C	0xD7CF      	BRA         L_WordToStr9
L_WordToStr10:
;__Lib_Conversions.c,100 :: 		
0x019E	0x0012      	RETURN      0
; end of _WordToStr
_accel_Read_Byte:
;GY85.c,39 :: 		unsigned short accel_Read_Byte(unsigned short address_sensor,unsigned short register_address) {
;GY85.c,40 :: 		unsigned short Data_Read = 0;
0x01A0	0x0100      	MOVLB       0
0x01A2	0x6BBA      	CLRF        accel_Read_Byte_Data_Read_L0, 1
;GY85.c,42 :: 		I2C1_Start();
0x01A4	0xDF63      	RCALL       _I2C1_Start
;GY85.c,43 :: 		I2C1_Wr(address_sensor);
0x01A6	0xF0C2C0B8  	MOVFF       FARG_accel_Read_Byte_address_sensor, FARG_I2C1_Wr_data_
0x01AA	0xDF97      	RCALL       _I2C1_Wr
;GY85.c,44 :: 		I2C1_Wr(register_address);
0x01AC	0xF0C2C0B9  	MOVFF       FARG_accel_Read_Byte_register_address, FARG_I2C1_Wr_data_
0x01B0	0xDF94      	RCALL       _I2C1_Wr
;GY85.c,46 :: 		I2C1_Start();
0x01B2	0xDF5C      	RCALL       _I2C1_Start
;GY85.c,47 :: 		I2C1_Wr(address_sensor+1);
0x01B4	0x51B8      	MOVF        FARG_accel_Read_Byte_address_sensor, 0, 1
0x01B6	0x0F01      	ADDLW       1
0x01B8	0x6FC2      	MOVWF       FARG_I2C1_Wr_data_, 1
0x01BA	0xDF8F      	RCALL       _I2C1_Wr
;GY85.c,48 :: 		Data_Read = I2C1_Rd(0);
0x01BC	0x0100      	MOVLB       0
0x01BE	0x6BC2      	CLRF        FARG_I2C1_Rd_ack, 1
0x01C0	0xDF76      	RCALL       _I2C1_Rd
0x01C2	0xF0BAC000  	MOVFF       R0, accel_Read_Byte_Data_Read_L0
;GY85.c,49 :: 		I2C1_Stop();
0x01C6	0xDF9A      	RCALL       _I2C1_Stop
;GY85.c,51 :: 		return Data_Read;
0x01C8	0xF000C0BA  	MOVFF       accel_Read_Byte_Data_Read_L0, R0
;GY85.c,52 :: 		}
0x01CC	0x0012      	RETURN      0
; end of _accel_Read_Byte
_IntToStr:
;__Lib_Conversions.c,146 :: 		
;__Lib_Conversions.c,152 :: 		
0x01CE	0x0100      	MOVLB       0
0x01D0	0x6BBE      	CLRF        IntToStr_negative_L0, 1
0x01D2	0x6BBF      	CLRF        IntToStr_negative_L0+1, 1
;__Lib_Conversions.c,153 :: 		
0x01D4	0xF0C0C0B8  	MOVFF       FARG_IntToStr_input, IntToStr_inword_L0
0x01D8	0xF0C1C0B9  	MOVFF       FARG_IntToStr_input+1, IntToStr_inword_L0+1
;__Lib_Conversions.c,154 :: 		
0x01DC	0x0E80      	MOVLW       128
0x01DE	0x19B9      	XORWF       FARG_IntToStr_input+1, 0, 1
0x01E0	0x6E00      	MOVWF       R0 
0x01E2	0x0E80      	MOVLW       128
0x01E4	0x5C00      	SUBWF       R0, 0 
0x01E6	0xE102      	BNZ         L__IntToStr99
0x01E8	0x0E00      	MOVLW       0
0x01EA	0x5DB8      	SUBWF       FARG_IntToStr_input, 0, 1
L__IntToStr99:
0x01EC	0xE20B      	BC          L_IntToStr23
;__Lib_Conversions.c,155 :: 		
0x01EE	0x0E01      	MOVLW       1
0x01F0	0x6FBE      	MOVWF       IntToStr_negative_L0, 1
0x01F2	0x0E00      	MOVLW       0
0x01F4	0x6FBF      	MOVWF       IntToStr_negative_L0+1, 1
;__Lib_Conversions.c,156 :: 		
0x01F6	0x51B8      	MOVF        FARG_IntToStr_input, 0, 1
0x01F8	0x0800      	SUBLW       0
0x01FA	0x6FC0      	MOVWF       IntToStr_inword_L0, 1
0x01FC	0xF0C1C0B9  	MOVFF       FARG_IntToStr_input+1, IntToStr_inword_L0+1
0x0200	0x0E00      	MOVLW       0
0x0202	0x57C1      	SUBFWB      IntToStr_inword_L0+1, 1, 1
;__Lib_Conversions.c,157 :: 		
L_IntToStr23:
;__Lib_Conversions.c,158 :: 		
0x0204	0xF0C2C0C0  	MOVFF       IntToStr_inword_L0, FARG_WordToStr_input
0x0208	0xF0C3C0C1  	MOVFF       IntToStr_inword_L0+1, FARG_WordToStr_input+1
0x020C	0xF0C4C0BA  	MOVFF       FARG_IntToStr_output, FARG_WordToStr_output
0x0210	0xF0C5C0BB  	MOVFF       FARG_IntToStr_output+1, FARG_WordToStr_output+1
0x0214	0xDF7C      	RCALL       _WordToStr
;__Lib_Conversions.c,160 :: 		
0x0216	0x0E06      	MOVLW       6
0x0218	0x6FBC      	MOVWF       IntToStr_i_L0, 1
0x021A	0x0E00      	MOVLW       0
0x021C	0x6FBD      	MOVWF       IntToStr_i_L0+1, 1
;__Lib_Conversions.c,161 :: 		
L_IntToStr24:
0x021E	0x0E00      	MOVLW       0
0x0220	0x6E00      	MOVWF       R0 
0x0222	0x51BD      	MOVF        IntToStr_i_L0+1, 0, 1
0x0224	0x5C00      	SUBWF       R0, 0 
0x0226	0xE102      	BNZ         L__IntToStr100
0x0228	0x51BC      	MOVF        IntToStr_i_L0, 0, 1
0x022A	0x0800      	SUBLW       0
L__IntToStr100:
0x022C	0xE219      	BC          L_IntToStr25
;__Lib_Conversions.c,162 :: 		
0x022E	0x51BC      	MOVF        IntToStr_i_L0, 0, 1
0x0230	0x25BA      	ADDWF       FARG_IntToStr_output, 0, 1
0x0232	0x6EE1      	MOVWF       FSR1L 
0x0234	0x51BD      	MOVF        IntToStr_i_L0+1, 0, 1
0x0236	0x21BB      	ADDWFC      FARG_IntToStr_output+1, 0, 1
0x0238	0x6EE2      	MOVWF       FSR1H 
0x023A	0x0E01      	MOVLW       1
0x023C	0x5DBC      	SUBWF       IntToStr_i_L0, 0, 1
0x023E	0x6E00      	MOVWF       R0 
0x0240	0x0E00      	MOVLW       0
0x0242	0x59BD      	SUBWFB      IntToStr_i_L0+1, 0, 1
0x0244	0x6E01      	MOVWF       R1 
0x0246	0x5000      	MOVF        R0, 0 
0x0248	0x25BA      	ADDWF       FARG_IntToStr_output, 0, 1
0x024A	0x6EE9      	MOVWF       FSR0L 
0x024C	0x5001      	MOVF        R1, 0 
0x024E	0x21BB      	ADDWFC      FARG_IntToStr_output+1, 0, 1
0x0250	0x6EEA      	MOVWF       FSR0H 
0x0252	0xFFE6CFEE  	MOVFF       POSTINC0, POSTINC1
;__Lib_Conversions.c,163 :: 		
0x0256	0x0E01      	MOVLW       1
0x0258	0x5FBC      	SUBWF       IntToStr_i_L0, 1, 1
0x025A	0x0E00      	MOVLW       0
0x025C	0x5BBD      	SUBWFB      IntToStr_i_L0+1, 1, 1
;__Lib_Conversions.c,164 :: 		
0x025E	0xD7DF      	BRA         L_IntToStr24
L_IntToStr25:
;__Lib_Conversions.c,165 :: 		
0x0260	0xFFE1C0BA  	MOVFF       FARG_IntToStr_output, FSR1L
0x0264	0xFFE2C0BB  	MOVFF       FARG_IntToStr_output+1, FSR1H
0x0268	0x0E20      	MOVLW       32
0x026A	0x6EE6      	MOVWF       POSTINC1 
;__Lib_Conversions.c,166 :: 		
0x026C	0x51BE      	MOVF        IntToStr_negative_L0, 0, 1
0x026E	0x11BF      	IORWF       IntToStr_negative_L0+1, 0, 1
0x0270	0xE01A      	BZ          L_IntToStr26
;__Lib_Conversions.c,167 :: 		
0x0272	0x6BBC      	CLRF        IntToStr_i_L0, 1
0x0274	0x6BBD      	CLRF        IntToStr_i_L0+1, 1
;__Lib_Conversions.c,168 :: 		
L_IntToStr27:
0x0276	0x51BC      	MOVF        IntToStr_i_L0, 0, 1
0x0278	0x25BA      	ADDWF       FARG_IntToStr_output, 0, 1
0x027A	0x6EE9      	MOVWF       FSR0L 
0x027C	0x51BD      	MOVF        IntToStr_i_L0+1, 0, 1
0x027E	0x21BB      	ADDWFC      FARG_IntToStr_output+1, 0, 1
0x0280	0x6EEA      	MOVWF       FSR0H 
0x0282	0x50EE      	MOVF        POSTINC0, 0 
0x0284	0x0A20      	XORLW       32
0x0286	0xE103      	BNZ         L_IntToStr28
0x0288	0x4BBC      	INFSNZ      IntToStr_i_L0, 1, 1
0x028A	0x2BBD      	INCF        IntToStr_i_L0+1, 1, 1
0x028C	0xD7F4      	BRA         L_IntToStr27
L_IntToStr28:
;__Lib_Conversions.c,169 :: 		
0x028E	0x0E01      	MOVLW       1
0x0290	0x5FBC      	SUBWF       IntToStr_i_L0, 1, 1
0x0292	0x0E00      	MOVLW       0
0x0294	0x5BBD      	SUBWFB      IntToStr_i_L0+1, 1, 1
;__Lib_Conversions.c,170 :: 		
0x0296	0x51BC      	MOVF        IntToStr_i_L0, 0, 1
0x0298	0x25BA      	ADDWF       FARG_IntToStr_output, 0, 1
0x029A	0x6EE1      	MOVWF       FSR1L 
0x029C	0x51BD      	MOVF        IntToStr_i_L0+1, 0, 1
0x029E	0x21BB      	ADDWFC      FARG_IntToStr_output+1, 0, 1
0x02A0	0x6EE2      	MOVWF       FSR1H 
0x02A2	0x0E2D      	MOVLW       45
0x02A4	0x6EE6      	MOVWF       POSTINC1 
L_IntToStr26:
;__Lib_Conversions.c,171 :: 		
0x02A6	0x0012      	RETURN      0
; end of _IntToStr
_UART1_Write_Text:
;__Lib_UART_c67.c,66 :: 		
;__Lib_UART_c67.c,67 :: 		
0x02A8	0x0100      	MOVLB       0
0x02AA	0x6BBB      	CLRF        UART1_Write_Text_counter_L0, 1
;__Lib_UART_c67.c,69 :: 		
0x02AC	0xFFE9C0B8  	MOVFF       FARG_UART1_Write_Text_uart_text, FSR0L
0x02B0	0xFFEAC0B9  	MOVFF       FARG_UART1_Write_Text_uart_text+1, FSR0H
0x02B4	0xF0BACFEE  	MOVFF       POSTINC0, UART1_Write_Text_data__L0
;__Lib_UART_c67.c,70 :: 		
L_UART1_Write_Text5:
0x02B8	0x51BA      	MOVF        UART1_Write_Text_data__L0, 0, 1
0x02BA	0x0A00      	XORLW       0
0x02BC	0xE00E      	BZ          L_UART1_Write_Text6
;__Lib_UART_c67.c,71 :: 		
0x02BE	0xF0C2C0BA  	MOVFF       UART1_Write_Text_data__L0, FARG_UART1_Write_data_
0x02C2	0xDF1E      	RCALL       _UART1_Write
;__Lib_UART_c67.c,72 :: 		
0x02C4	0x0100      	MOVLB       0
0x02C6	0x2BBB      	INCF        UART1_Write_Text_counter_L0, 1, 1
;__Lib_UART_c67.c,73 :: 		
0x02C8	0x51BB      	MOVF        UART1_Write_Text_counter_L0, 0, 1
0x02CA	0x25B8      	ADDWF       FARG_UART1_Write_Text_uart_text, 0, 1
0x02CC	0x6EE9      	MOVWF       FSR0L 
0x02CE	0x0E00      	MOVLW       0
0x02D0	0x21B9      	ADDWFC      FARG_UART1_Write_Text_uart_text+1, 0, 1
0x02D2	0x6EEA      	MOVWF       FSR0H 
0x02D4	0xF0BACFEE  	MOVFF       POSTINC0, UART1_Write_Text_data__L0
;__Lib_UART_c67.c,74 :: 		
0x02D8	0xD7EF      	BRA         L_UART1_Write_Text5
L_UART1_Write_Text6:
;__Lib_UART_c67.c,75 :: 		
0x02DA	0x0012      	RETURN      0
; end of _UART1_Write_Text
_HMC5883L_write:
;GY85.c,103 :: 		void HMC5883L_write(unsigned char reg_address, unsigned char value)
;GY85.c,105 :: 		I2C1_Start();
0x02DC	0xDEC7      	RCALL       _I2C1_Start
;GY85.c,106 :: 		I2C1_Wr(HMC5883L_WRITE_ADDR);
0x02DE	0x0E3C      	MOVLW       60
0x02E0	0x6FC2      	MOVWF       FARG_I2C1_Wr_data_, 1
0x02E2	0xDEFB      	RCALL       _I2C1_Wr
;GY85.c,107 :: 		I2C1_Wr(reg_address);
0x02E4	0xF0C2C0B8  	MOVFF       FARG_HMC5883L_write_reg_address, FARG_I2C1_Wr_data_
0x02E8	0xDEF8      	RCALL       _I2C1_Wr
;GY85.c,108 :: 		I2C1_Wr(value);
0x02EA	0xF0C2C0B9  	MOVFF       FARG_HMC5883L_write_value, FARG_I2C1_Wr_data_
0x02EE	0xDEF5      	RCALL       _I2C1_Wr
;GY85.c,109 :: 		I2C1_Stop();
0x02F0	0xDF05      	RCALL       _I2C1_Stop
;GY85.c,110 :: 		}
0x02F2	0x0012      	RETURN      0
; end of _HMC5883L_write
_UART1_Printf:
;GY_85_Project.c,19 :: 		void UART1_Printf(int value){
;GY_85_Project.c,21 :: 		IntToStr(value, txt);
0x02F4	0xF0B8C0AF  	MOVFF       FARG_UART1_Printf_value, FARG_IntToStr_input
0x02F8	0xF0B9C0B0  	MOVFF       FARG_UART1_Printf_value+1, FARG_IntToStr_input+1
0x02FC	0x0EB1      	MOVLW       UART1_Printf_txt_L0
0x02FE	0x0100      	MOVLB       0
0x0300	0x6FBA      	MOVWF       FARG_IntToStr_output, 1
0x0302	0x0E00      	MOVLW       hi_addr(UART1_Printf_txt_L0)
0x0304	0x6FBB      	MOVWF       FARG_IntToStr_output+1, 1
0x0306	0xDF63      	RCALL       _IntToStr
;GY_85_Project.c,22 :: 		UART1_Write_Text(txt);
0x0308	0x0EB1      	MOVLW       UART1_Printf_txt_L0
0x030A	0x6FB8      	MOVWF       FARG_UART1_Write_Text_uart_text, 1
0x030C	0x0E00      	MOVLW       hi_addr(UART1_Printf_txt_L0)
0x030E	0x6FB9      	MOVWF       FARG_UART1_Write_Text_uart_text+1, 1
0x0310	0xDFCB      	RCALL       _UART1_Write_Text
;GY_85_Project.c,23 :: 		}
0x0312	0x0012      	RETURN      0
; end of _UART1_Printf
_Magneto_Init:
;GY85.c,111 :: 		void Magneto_Init()
;GY85.c,113 :: 		unsigned char value = 0;
;GY85.c,114 :: 		HMC5883L_write(Config_Reg_A, 0b00011000);
0x0314	0x0100      	MOVLB       0
0x0316	0x6BB8      	CLRF        FARG_HMC5883L_write_reg_address, 1
0x0318	0x0E18      	MOVLW       24
0x031A	0x6FB9      	MOVWF       FARG_HMC5883L_write_value, 1
0x031C	0xDFDF      	RCALL       _HMC5883L_write
;GY85.c,115 :: 		HMC5883L_write(Config_Reg_B, 0xA0);
0x031E	0x0E01      	MOVLW       1
0x0320	0x0100      	MOVLB       0
0x0322	0x6FB8      	MOVWF       FARG_HMC5883L_write_reg_address, 1
0x0324	0x0EA0      	MOVLW       160
0x0326	0x6FB9      	MOVWF       FARG_HMC5883L_write_value, 1
0x0328	0xDFD9      	RCALL       _HMC5883L_write
;GY85.c,116 :: 		HMC5883L_write(Mode_Reg, 0x00);
0x032A	0x0E02      	MOVLW       2
0x032C	0x0100      	MOVLB       0
0x032E	0x6FB8      	MOVWF       FARG_HMC5883L_write_reg_address, 1
0x0330	0x6BB9      	CLRF        FARG_HMC5883L_write_value, 1
0x0332	0xDFD4      	RCALL       _HMC5883L_write
;GY85.c,117 :: 		}
0x0334	0x0012      	RETURN      0
; end of _Magneto_Init
_Acc_Init:
;GY85.c,54 :: 		void Acc_Init(){
;GY85.c,55 :: 		I2C1_Start();
0x0336	0xDE9A      	RCALL       _I2C1_Start
;GY85.c,56 :: 		I2C1_Wr(ACCEL_ADDRESS);
0x0338	0x0EA6      	MOVLW       166
0x033A	0x6FC2      	MOVWF       FARG_I2C1_Wr_data_, 1
0x033C	0xDECE      	RCALL       _I2C1_Wr
;GY85.c,57 :: 		I2C1_Wr(0X2D);// Power register
0x033E	0x0E2D      	MOVLW       45
0x0340	0x0100      	MOVLB       0
0x0342	0x6FC2      	MOVWF       FARG_I2C1_Wr_data_, 1
0x0344	0xDECA      	RCALL       _I2C1_Wr
;GY85.c,58 :: 		I2C1_Wr(0X00); // standbay mode
0x0346	0x0100      	MOVLB       0
0x0348	0x6BC2      	CLRF        FARG_I2C1_Wr_data_, 1
0x034A	0xDEC7      	RCALL       _I2C1_Wr
;GY85.c,59 :: 		I2C1_Stop();
0x034C	0xDED7      	RCALL       _I2C1_Stop
;GY85.c,61 :: 		Delay_ms(5);
0x034E	0x0E4E      	MOVLW       78
0x0350	0x6E0C      	MOVWF       R12, 0
0x0352	0x0EEB      	MOVLW       235
0x0354	0x6E0D      	MOVWF       R13, 0
L_Acc_Init0:
0x0356	0x2E0D      	DECFSZ      R13, 1, 0
0x0358	0xD7FE      	BRA         L_Acc_Init0
0x035A	0x2E0C      	DECFSZ      R12, 1, 0
0x035C	0xD7FC      	BRA         L_Acc_Init0
;GY85.c,63 :: 		I2C1_Start();
0x035E	0xDE86      	RCALL       _I2C1_Start
;GY85.c,64 :: 		I2C1_Wr(ACCEL_ADDRESS);
0x0360	0x0EA6      	MOVLW       166
0x0362	0x6FC2      	MOVWF       FARG_I2C1_Wr_data_, 1
0x0364	0xDEBA      	RCALL       _I2C1_Wr
;GY85.c,65 :: 		I2C1_Wr(0X31);// Data format register
0x0366	0x0E31      	MOVLW       49
0x0368	0x0100      	MOVLB       0
0x036A	0x6FC2      	MOVWF       FARG_I2C1_Wr_data_, 1
0x036C	0xDEB6      	RCALL       _I2C1_Wr
;GY85.c,66 :: 		I2C1_Wr(0X08); // Set to full resolution
0x036E	0x0E08      	MOVLW       8
0x0370	0x0100      	MOVLB       0
0x0372	0x6FC2      	MOVWF       FARG_I2C1_Wr_data_, 1
0x0374	0xDEB2      	RCALL       _I2C1_Wr
;GY85.c,67 :: 		I2C1_Stop();
0x0376	0xDEC2      	RCALL       _I2C1_Stop
;GY85.c,69 :: 		Delay_ms(5);
0x0378	0x0E4E      	MOVLW       78
0x037A	0x6E0C      	MOVWF       R12, 0
0x037C	0x0EEB      	MOVLW       235
0x037E	0x6E0D      	MOVWF       R13, 0
L_Acc_Init1:
0x0380	0x2E0D      	DECFSZ      R13, 1, 0
0x0382	0xD7FE      	BRA         L_Acc_Init1
0x0384	0x2E0C      	DECFSZ      R12, 1, 0
0x0386	0xD7FC      	BRA         L_Acc_Init1
;GY85.c,71 :: 		I2C1_Start();
0x0388	0xDE71      	RCALL       _I2C1_Start
;GY85.c,72 :: 		I2C1_Wr(ACCEL_ADDRESS);
0x038A	0x0EA6      	MOVLW       166
0x038C	0x6FC2      	MOVWF       FARG_I2C1_Wr_data_, 1
0x038E	0xDEA5      	RCALL       _I2C1_Wr
;GY85.c,73 :: 		I2C1_Wr(0X2C);// Data format register
0x0390	0x0E2C      	MOVLW       44
0x0392	0x0100      	MOVLB       0
0x0394	0x6FC2      	MOVWF       FARG_I2C1_Wr_data_, 1
0x0396	0xDEA1      	RCALL       _I2C1_Wr
;GY85.c,74 :: 		I2C1_Wr(0X09); // Set to full resolution
0x0398	0x0E09      	MOVLW       9
0x039A	0x0100      	MOVLB       0
0x039C	0x6FC2      	MOVWF       FARG_I2C1_Wr_data_, 1
0x039E	0xDE9D      	RCALL       _I2C1_Wr
;GY85.c,75 :: 		I2C1_Stop();
0x03A0	0xDEAD      	RCALL       _I2C1_Stop
;GY85.c,77 :: 		Delay_ms(5);
0x03A2	0x0E4E      	MOVLW       78
0x03A4	0x6E0C      	MOVWF       R12, 0
0x03A6	0x0EEB      	MOVLW       235
0x03A8	0x6E0D      	MOVWF       R13, 0
L_Acc_Init2:
0x03AA	0x2E0D      	DECFSZ      R13, 1, 0
0x03AC	0xD7FE      	BRA         L_Acc_Init2
0x03AE	0x2E0C      	DECFSZ      R12, 1, 0
0x03B0	0xD7FC      	BRA         L_Acc_Init2
;GY85.c,78 :: 		I2C1_Start();
0x03B2	0xDE5C      	RCALL       _I2C1_Start
;GY85.c,79 :: 		I2C1_Wr(ACCEL_ADDRESS);
0x03B4	0x0EA6      	MOVLW       166
0x03B6	0x6FC2      	MOVWF       FARG_I2C1_Wr_data_, 1
0x03B8	0xDE90      	RCALL       _I2C1_Wr
;GY85.c,80 :: 		I2C1_Wr(0X2D);// Power register
0x03BA	0x0E2D      	MOVLW       45
0x03BC	0x0100      	MOVLB       0
0x03BE	0x6FC2      	MOVWF       FARG_I2C1_Wr_data_, 1
0x03C0	0xDE8C      	RCALL       _I2C1_Wr
;GY85.c,81 :: 		I2C1_Wr(0X08); // measure mode
0x03C2	0x0E08      	MOVLW       8
0x03C4	0x0100      	MOVLB       0
0x03C6	0x6FC2      	MOVWF       FARG_I2C1_Wr_data_, 1
0x03C8	0xDE88      	RCALL       _I2C1_Wr
;GY85.c,82 :: 		I2C1_Stop();
0x03CA	0xDE98      	RCALL       _I2C1_Stop
;GY85.c,83 :: 		}
0x03CC	0x0012      	RETURN      0
; end of _Acc_Init
_Magneto_Read:
;GY85.c,119 :: 		void Magneto_Read(){
;GY85.c,121 :: 		I2C1_Start();
0x03CE	0xDE4E      	RCALL       _I2C1_Start
;GY85.c,122 :: 		I2C1_Wr(HMC5883L_WRITE_ADDR);
0x03D0	0x0E3C      	MOVLW       60
0x03D2	0x6FC2      	MOVWF       FARG_I2C1_Wr_data_, 1
0x03D4	0xDE82      	RCALL       _I2C1_Wr
;GY85.c,123 :: 		I2C1_Wr(X_MSB_Reg);
0x03D6	0x0E03      	MOVLW       3
0x03D8	0x0100      	MOVLB       0
0x03DA	0x6FC2      	MOVWF       FARG_I2C1_Wr_data_, 1
0x03DC	0xDE7E      	RCALL       _I2C1_Wr
;GY85.c,124 :: 		I2C1_Start();
0x03DE	0xDE46      	RCALL       _I2C1_Start
;GY85.c,125 :: 		I2C1_Wr(HMC5883L_READ_ADDR);
0x03E0	0x0E3D      	MOVLW       61
0x03E2	0x6FC2      	MOVWF       FARG_I2C1_Wr_data_, 1
0x03E4	0xDE7A      	RCALL       _I2C1_Wr
;GY85.c,126 :: 		buffer[0]=I2C1_Rd(1);
0x03E6	0x0E01      	MOVLW       1
0x03E8	0x0100      	MOVLB       0
0x03EA	0x6FC2      	MOVWF       FARG_I2C1_Rd_ack, 1
0x03EC	0xDE60      	RCALL       _I2C1_Rd
0x03EE	0xF0AFC000  	MOVFF       R0, Magneto_Read_buffer_L0
;GY85.c,127 :: 		buffer[1]=I2C1_Rd(1);
0x03F2	0x0E01      	MOVLW       1
0x03F4	0x0100      	MOVLB       0
0x03F6	0x6FC2      	MOVWF       FARG_I2C1_Rd_ack, 1
0x03F8	0xDE5A      	RCALL       _I2C1_Rd
0x03FA	0xF0B0C000  	MOVFF       R0, Magneto_Read_buffer_L0+1
;GY85.c,128 :: 		buffer[2]=I2C1_Rd(1);
0x03FE	0x0E01      	MOVLW       1
0x0400	0x0100      	MOVLB       0
0x0402	0x6FC2      	MOVWF       FARG_I2C1_Rd_ack, 1
0x0404	0xDE54      	RCALL       _I2C1_Rd
0x0406	0xF0B1C000  	MOVFF       R0, Magneto_Read_buffer_L0+2
;GY85.c,129 :: 		buffer[3]=I2C1_Rd(1);
0x040A	0x0E01      	MOVLW       1
0x040C	0x0100      	MOVLB       0
0x040E	0x6FC2      	MOVWF       FARG_I2C1_Rd_ack, 1
0x0410	0xDE4E      	RCALL       _I2C1_Rd
0x0412	0xF0B2C000  	MOVFF       R0, Magneto_Read_buffer_L0+3
;GY85.c,130 :: 		buffer[4]=I2C1_Rd(1);
0x0416	0x0E01      	MOVLW       1
0x0418	0x0100      	MOVLB       0
0x041A	0x6FC2      	MOVWF       FARG_I2C1_Rd_ack, 1
0x041C	0xDE48      	RCALL       _I2C1_Rd
0x041E	0xF0B3C000  	MOVFF       R0, Magneto_Read_buffer_L0+4
;GY85.c,131 :: 		buffer[5]=I2C1_Rd(0);
0x0422	0x0100      	MOVLB       0
0x0424	0x6BC2      	CLRF        FARG_I2C1_Rd_ack, 1
0x0426	0xDE43      	RCALL       _I2C1_Rd
0x0428	0xF0B4C000  	MOVFF       R0, Magneto_Read_buffer_L0+5
;GY85.c,132 :: 		I2C1_Stop();
0x042C	0xDE67      	RCALL       _I2C1_Stop
;GY85.c,134 :: 		magnetom[1] = 1 * ((((int) buffer[0]) << 8) | buffer[1]);  // X axis (internal sensor -y axis)
0x042E	0xF003C0AF  	MOVFF       Magneto_Read_buffer_L0, R3
0x0432	0x0E00      	MOVLW       0
0x0434	0x6E04      	MOVWF       R4 
0x0436	0xF001C003  	MOVFF       R3, R1
0x043A	0x6A00      	CLRF        R0 
0x043C	0x0100      	MOVLB       0
0x043E	0x51B0      	MOVF        Magneto_Read_buffer_L0+1, 0, 1
0x0440	0x1000      	IORWF       R0, 0 
0x0442	0x6F9B      	MOVWF       _magnetom+2, 1
0x0444	0xF09CC001  	MOVFF       R1, _magnetom+3
0x0448	0x0E00      	MOVLW       0
0x044A	0x139C      	IORWF       _magnetom+3, 1, 1
;GY85.c,135 :: 		magnetom[0] = 1 * ((((int) buffer[4]) << 8) | buffer[5]);  // Y axis (internal sensor -x axis)
0x044C	0xF003C0B3  	MOVFF       Magneto_Read_buffer_L0+4, R3
0x0450	0x0E00      	MOVLW       0
0x0452	0x6E04      	MOVWF       R4 
0x0454	0xF001C003  	MOVFF       R3, R1
0x0458	0x6A00      	CLRF        R0 
0x045A	0x51B4      	MOVF        Magneto_Read_buffer_L0+5, 0, 1
0x045C	0x1000      	IORWF       R0, 0 
0x045E	0x6F99      	MOVWF       _magnetom, 1
0x0460	0xF09AC001  	MOVFF       R1, _magnetom+1
0x0464	0x0E00      	MOVLW       0
0x0466	0x139A      	IORWF       _magnetom+1, 1, 1
;GY85.c,136 :: 		magnetom[2] = 1 * ((((int) buffer[2]) << 8) | buffer[3]);  // Z axis (internal sensor -z axis)
0x0468	0xF003C0B1  	MOVFF       Magneto_Read_buffer_L0+2, R3
0x046C	0x0E00      	MOVLW       0
0x046E	0x6E04      	MOVWF       R4 
0x0470	0xF001C003  	MOVFF       R3, R1
0x0474	0x6A00      	CLRF        R0 
0x0476	0x51B2      	MOVF        Magneto_Read_buffer_L0+3, 0, 1
0x0478	0x1000      	IORWF       R0, 0 
0x047A	0x6F9D      	MOVWF       _magnetom+4, 1
0x047C	0xF09EC001  	MOVFF       R1, _magnetom+5
0x0480	0x0E00      	MOVLW       0
0x0482	0x139E      	IORWF       _magnetom+5, 1, 1
;GY85.c,138 :: 		}
0x0484	0x0012      	RETURN      0
; end of _Magneto_Read
_Gyro_Init:
;GY85.c,141 :: 		void Gyro_Init(){
;GY85.c,143 :: 		I2C1_Start();
0x0486	0xDDF2      	RCALL       _I2C1_Start
;GY85.c,144 :: 		I2C1_Wr(GYRO_ADDRESS_Wr);
0x0488	0x0ED0      	MOVLW       208
0x048A	0x6FC2      	MOVWF       FARG_I2C1_Wr_data_, 1
0x048C	0xDE26      	RCALL       _I2C1_Wr
;GY85.c,145 :: 		I2C1_Wr(0X3E);
0x048E	0x0E3E      	MOVLW       62
0x0490	0x0100      	MOVLB       0
0x0492	0x6FC2      	MOVWF       FARG_I2C1_Wr_data_, 1
0x0494	0xDE22      	RCALL       _I2C1_Wr
;GY85.c,146 :: 		I2C1_Wr(0X80);
0x0496	0x0E80      	MOVLW       128
0x0498	0x0100      	MOVLB       0
0x049A	0x6FC2      	MOVWF       FARG_I2C1_Wr_data_, 1
0x049C	0xDE1E      	RCALL       _I2C1_Wr
;GY85.c,147 :: 		I2C1_Stop();
0x049E	0xDE2E      	RCALL       _I2C1_Stop
;GY85.c,150 :: 		I2C1_Start();
0x04A0	0xDDE5      	RCALL       _I2C1_Start
;GY85.c,151 :: 		I2C1_Wr(GYRO_ADDRESS_Wr);
0x04A2	0x0ED0      	MOVLW       208
0x04A4	0x6FC2      	MOVWF       FARG_I2C1_Wr_data_, 1
0x04A6	0xDE19      	RCALL       _I2C1_Wr
;GY85.c,152 :: 		I2C1_Wr(0X15);
0x04A8	0x0E15      	MOVLW       21
0x04AA	0x0100      	MOVLB       0
0x04AC	0x6FC2      	MOVWF       FARG_I2C1_Wr_data_, 1
0x04AE	0xDE15      	RCALL       _I2C1_Wr
;GY85.c,153 :: 		I2C1_Wr(0X0A); //SMPLRT_DIV = 10 (50Hz)
0x04B0	0x0E0A      	MOVLW       10
0x04B2	0x0100      	MOVLB       0
0x04B4	0x6FC2      	MOVWF       FARG_I2C1_Wr_data_, 1
0x04B6	0xDE11      	RCALL       _I2C1_Wr
;GY85.c,154 :: 		I2C1_Stop();
0x04B8	0xDE21      	RCALL       _I2C1_Stop
;GY85.c,158 :: 		I2C1_Start();
0x04BA	0xDDD8      	RCALL       _I2C1_Start
;GY85.c,159 :: 		I2C1_Wr(GYRO_ADDRESS_Wr);
0x04BC	0x0ED0      	MOVLW       208
0x04BE	0x6FC2      	MOVWF       FARG_I2C1_Wr_data_, 1
0x04C0	0xDE0C      	RCALL       _I2C1_Wr
;GY85.c,160 :: 		I2C1_Wr(0X16);
0x04C2	0x0E16      	MOVLW       22
0x04C4	0x0100      	MOVLB       0
0x04C6	0x6FC2      	MOVWF       FARG_I2C1_Wr_data_, 1
0x04C8	0xDE08      	RCALL       _I2C1_Wr
;GY85.c,161 :: 		I2C1_Wr(0X1B);
0x04CA	0x0E1B      	MOVLW       27
0x04CC	0x0100      	MOVLB       0
0x04CE	0x6FC2      	MOVWF       FARG_I2C1_Wr_data_, 1
0x04D0	0xDE04      	RCALL       _I2C1_Wr
;GY85.c,162 :: 		I2C1_Stop();
0x04D2	0xDE14      	RCALL       _I2C1_Stop
;GY85.c,165 :: 		I2C1_Start();
0x04D4	0xDDCB      	RCALL       _I2C1_Start
;GY85.c,166 :: 		I2C1_Wr(GYRO_ADDRESS_Wr);
0x04D6	0x0ED0      	MOVLW       208
0x04D8	0x6FC2      	MOVWF       FARG_I2C1_Wr_data_, 1
0x04DA	0xDDFF      	RCALL       _I2C1_Wr
;GY85.c,167 :: 		I2C1_Wr(0X3E);
0x04DC	0x0E3E      	MOVLW       62
0x04DE	0x0100      	MOVLB       0
0x04E0	0x6FC2      	MOVWF       FARG_I2C1_Wr_data_, 1
0x04E2	0xDDFB      	RCALL       _I2C1_Wr
;GY85.c,168 :: 		I2C1_Wr(0X03);
0x04E4	0x0E03      	MOVLW       3
0x04E6	0x0100      	MOVLB       0
0x04E8	0x6FC2      	MOVWF       FARG_I2C1_Wr_data_, 1
0x04EA	0xDDF7      	RCALL       _I2C1_Wr
;GY85.c,169 :: 		I2C1_Stop();
0x04EC	0xDE07      	RCALL       _I2C1_Stop
;GY85.c,172 :: 		}
0x04EE	0x0012      	RETURN      0
; end of _Gyro_Init
_Acc_Read:
;GY85.c,86 :: 		void Acc_Read(){
;GY85.c,88 :: 		buffer[0]=accel_Read_Byte(ACCEL_ADDRESS,_X_LOW);  // low_x
0x04F0	0x0EA6      	MOVLW       166
0x04F2	0x0100      	MOVLB       0
0x04F4	0x6FB8      	MOVWF       FARG_accel_Read_Byte_address_sensor, 1
0x04F6	0x0E32      	MOVLW       50
0x04F8	0x6FB9      	MOVWF       FARG_accel_Read_Byte_register_address, 1
0x04FA	0xDE52      	RCALL       _accel_Read_Byte
0x04FC	0xF0AFC000  	MOVFF       R0, Acc_Read_buffer_L0
;GY85.c,89 :: 		buffer[1]=accel_Read_Byte(ACCEL_ADDRESS,_X_HIG); //  high_x
0x0500	0x0EA6      	MOVLW       166
0x0502	0x0100      	MOVLB       0
0x0504	0x6FB8      	MOVWF       FARG_accel_Read_Byte_address_sensor, 1
0x0506	0x0E33      	MOVLW       51
0x0508	0x6FB9      	MOVWF       FARG_accel_Read_Byte_register_address, 1
0x050A	0xDE4A      	RCALL       _accel_Read_Byte
0x050C	0xF0B0C000  	MOVFF       R0, Acc_Read_buffer_L0+1
;GY85.c,91 :: 		buffer[2]=accel_Read_Byte(ACCEL_ADDRESS,_Y_LOW);  // low_y
0x0510	0x0EA6      	MOVLW       166
0x0512	0x0100      	MOVLB       0
0x0514	0x6FB8      	MOVWF       FARG_accel_Read_Byte_address_sensor, 1
0x0516	0x0E34      	MOVLW       52
0x0518	0x6FB9      	MOVWF       FARG_accel_Read_Byte_register_address, 1
0x051A	0xDE42      	RCALL       _accel_Read_Byte
0x051C	0xF0B1C000  	MOVFF       R0, Acc_Read_buffer_L0+2
;GY85.c,92 :: 		buffer[3]=accel_Read_Byte(ACCEL_ADDRESS,_Y_HIG); //  high_y
0x0520	0x0EA6      	MOVLW       166
0x0522	0x0100      	MOVLB       0
0x0524	0x6FB8      	MOVWF       FARG_accel_Read_Byte_address_sensor, 1
0x0526	0x0E35      	MOVLW       53
0x0528	0x6FB9      	MOVWF       FARG_accel_Read_Byte_register_address, 1
0x052A	0xDE3A      	RCALL       _accel_Read_Byte
0x052C	0xF0B2C000  	MOVFF       R0, Acc_Read_buffer_L0+3
;GY85.c,94 :: 		buffer[4]=accel_Read_Byte(ACCEL_ADDRESS,_Z_LOW);  // low_y
0x0530	0x0EA6      	MOVLW       166
0x0532	0x0100      	MOVLB       0
0x0534	0x6FB8      	MOVWF       FARG_accel_Read_Byte_address_sensor, 1
0x0536	0x0E36      	MOVLW       54
0x0538	0x6FB9      	MOVWF       FARG_accel_Read_Byte_register_address, 1
0x053A	0xDE32      	RCALL       _accel_Read_Byte
0x053C	0xF0B3C000  	MOVFF       R0, Acc_Read_buffer_L0+4
;GY85.c,95 :: 		buffer[5]=accel_Read_Byte(ACCEL_ADDRESS,_Z_HIG); //  high_y
0x0540	0x0EA6      	MOVLW       166
0x0542	0x0100      	MOVLB       0
0x0544	0x6FB8      	MOVWF       FARG_accel_Read_Byte_address_sensor, 1
0x0546	0x0E37      	MOVLW       55
0x0548	0x6FB9      	MOVWF       FARG_accel_Read_Byte_register_address, 1
0x054A	0xDE2A      	RCALL       _accel_Read_Byte
0x054C	0xF0B4C000  	MOVFF       R0, Acc_Read_buffer_L0+5
;GY85.c,97 :: 		accel[0] = (((int) buffer[1]) << 8) | buffer[0];  // X axis
0x0550	0xF004C0B0  	MOVFF       Acc_Read_buffer_L0+1, R4
0x0554	0x0E00      	MOVLW       0
0x0556	0x6E05      	MOVWF       R5 
0x0558	0xF002C004  	MOVFF       R4, R2
0x055C	0x6A01      	CLRF        R1 
0x055E	0x0100      	MOVLB       0
0x0560	0x51AF      	MOVF        Acc_Read_buffer_L0, 0, 1
0x0562	0x1001      	IORWF       R1, 0 
0x0564	0x6FA5      	MOVWF       _accel, 1
0x0566	0xF0A6C002  	MOVFF       R2, _accel+1
0x056A	0x0E00      	MOVLW       0
0x056C	0x13A6      	IORWF       _accel+1, 1, 1
;GY85.c,98 :: 		accel[1] = (((int) buffer[3]) << 8) | buffer[2];  // Y axis
0x056E	0xF004C0B2  	MOVFF       Acc_Read_buffer_L0+3, R4
0x0572	0x0E00      	MOVLW       0
0x0574	0x6E05      	MOVWF       R5 
0x0576	0xF002C004  	MOVFF       R4, R2
0x057A	0x6A01      	CLRF        R1 
0x057C	0x51B1      	MOVF        Acc_Read_buffer_L0+2, 0, 1
0x057E	0x1001      	IORWF       R1, 0 
0x0580	0x6FA7      	MOVWF       _accel+2, 1
0x0582	0xF0A8C002  	MOVFF       R2, _accel+3
0x0586	0x0E00      	MOVLW       0
0x0588	0x13A8      	IORWF       _accel+3, 1, 1
;GY85.c,99 :: 		accel[2] = (((int) buffer[5]) << 8) | buffer[4];  // Z axis
0x058A	0xF003C000  	MOVFF       R0, R3
0x058E	0x0E00      	MOVLW       0
0x0590	0x6E04      	MOVWF       R4 
0x0592	0xF001C003  	MOVFF       R3, R1
0x0596	0x6A00      	CLRF        R0 
0x0598	0x51B3      	MOVF        Acc_Read_buffer_L0+4, 0, 1
0x059A	0x1000      	IORWF       R0, 0 
0x059C	0x6FA9      	MOVWF       _accel+4, 1
0x059E	0xF0AAC001  	MOVFF       R1, _accel+5
0x05A2	0x0E00      	MOVLW       0
0x05A4	0x13AA      	IORWF       _accel+5, 1, 1
;GY85.c,100 :: 		}
0x05A6	0x0012      	RETURN      0
; end of _Acc_Read
_Gyro_Read:
;GY85.c,175 :: 		void Gyro_Read(){
;GY85.c,177 :: 		I2C1_Start();
0x05A8	0xDD61      	RCALL       _I2C1_Start
;GY85.c,178 :: 		I2C1_Wr(GYRO_ADDRESS_Wr);
0x05AA	0x0ED0      	MOVLW       208
0x05AC	0x6FC2      	MOVWF       FARG_I2C1_Wr_data_, 1
0x05AE	0xDD95      	RCALL       _I2C1_Wr
;GY85.c,179 :: 		I2C1_Wr(0X1D);
0x05B0	0x0E1D      	MOVLW       29
0x05B2	0x0100      	MOVLB       0
0x05B4	0x6FC2      	MOVWF       FARG_I2C1_Wr_data_, 1
0x05B6	0xDD91      	RCALL       _I2C1_Wr
;GY85.c,180 :: 		I2C1_Start();
0x05B8	0xDD59      	RCALL       _I2C1_Start
;GY85.c,181 :: 		I2C1_Wr(GYRO_ADDRESS_Rd);
0x05BA	0x0ED1      	MOVLW       209
0x05BC	0x6FC2      	MOVWF       FARG_I2C1_Wr_data_, 1
0x05BE	0xDD8D      	RCALL       _I2C1_Wr
;GY85.c,183 :: 		buffer[0]=I2C1_Rd(1);
0x05C0	0x0E01      	MOVLW       1
0x05C2	0x0100      	MOVLB       0
0x05C4	0x6FC2      	MOVWF       FARG_I2C1_Rd_ack, 1
0x05C6	0xDD73      	RCALL       _I2C1_Rd
0x05C8	0xF0AFC000  	MOVFF       R0, Gyro_Read_buffer_L0
;GY85.c,184 :: 		buffer[1]=I2C1_Rd(1);
0x05CC	0x0E01      	MOVLW       1
0x05CE	0x0100      	MOVLB       0
0x05D0	0x6FC2      	MOVWF       FARG_I2C1_Rd_ack, 1
0x05D2	0xDD6D      	RCALL       _I2C1_Rd
0x05D4	0xF0B0C000  	MOVFF       R0, Gyro_Read_buffer_L0+1
;GY85.c,185 :: 		buffer[2]=I2C1_Rd(1);
0x05D8	0x0E01      	MOVLW       1
0x05DA	0x0100      	MOVLB       0
0x05DC	0x6FC2      	MOVWF       FARG_I2C1_Rd_ack, 1
0x05DE	0xDD67      	RCALL       _I2C1_Rd
0x05E0	0xF0B1C000  	MOVFF       R0, Gyro_Read_buffer_L0+2
;GY85.c,186 :: 		buffer[3]=I2C1_Rd(1);
0x05E4	0x0E01      	MOVLW       1
0x05E6	0x0100      	MOVLB       0
0x05E8	0x6FC2      	MOVWF       FARG_I2C1_Rd_ack, 1
0x05EA	0xDD61      	RCALL       _I2C1_Rd
0x05EC	0xF0B2C000  	MOVFF       R0, Gyro_Read_buffer_L0+3
;GY85.c,187 :: 		buffer[4]=I2C1_Rd(1);
0x05F0	0x0E01      	MOVLW       1
0x05F2	0x0100      	MOVLB       0
0x05F4	0x6FC2      	MOVWF       FARG_I2C1_Rd_ack, 1
0x05F6	0xDD5B      	RCALL       _I2C1_Rd
0x05F8	0xF0B3C000  	MOVFF       R0, Gyro_Read_buffer_L0+4
;GY85.c,188 :: 		buffer[5]=I2C1_Rd(0);
0x05FC	0x0100      	MOVLB       0
0x05FE	0x6BC2      	CLRF        FARG_I2C1_Rd_ack, 1
0x0600	0xDD56      	RCALL       _I2C1_Rd
0x0602	0xF0B4C000  	MOVFF       R0, Gyro_Read_buffer_L0+5
;GY85.c,189 :: 		I2C1_Stop();
0x0606	0xDD7A      	RCALL       _I2C1_Stop
;GY85.c,192 :: 		gyro[0] = 1 * ((((int) buffer[0]) << 8) | buffer[1]);    // X axis (internal sensor -y axis)
0x0608	0xF003C0AF  	MOVFF       Gyro_Read_buffer_L0, R3
0x060C	0x0E00      	MOVLW       0
0x060E	0x6E04      	MOVWF       R4 
0x0610	0xF001C003  	MOVFF       R3, R1
0x0614	0x6A00      	CLRF        R0 
0x0616	0x0100      	MOVLB       0
0x0618	0x51B0      	MOVF        Gyro_Read_buffer_L0+1, 0, 1
0x061A	0x1000      	IORWF       R0, 0 
0x061C	0x6F9F      	MOVWF       _gyro, 1
0x061E	0xF0A0C001  	MOVFF       R1, _gyro+1
0x0622	0x0E00      	MOVLW       0
0x0624	0x13A0      	IORWF       _gyro+1, 1, 1
;GY85.c,193 :: 		gyro[1] = 1 * ((((int) buffer[2]) << 8) | buffer[3]);    // Y axis (internal sensor -x axis)
0x0626	0xF003C0B1  	MOVFF       Gyro_Read_buffer_L0+2, R3
0x062A	0x0E00      	MOVLW       0
0x062C	0x6E04      	MOVWF       R4 
0x062E	0xF001C003  	MOVFF       R3, R1
0x0632	0x6A00      	CLRF        R0 
0x0634	0x51B2      	MOVF        Gyro_Read_buffer_L0+3, 0, 1
0x0636	0x1000      	IORWF       R0, 0 
0x0638	0x6FA1      	MOVWF       _gyro+2, 1
0x063A	0xF0A2C001  	MOVFF       R1, _gyro+3
0x063E	0x0E00      	MOVLW       0
0x0640	0x13A2      	IORWF       _gyro+3, 1, 1
;GY85.c,194 :: 		gyro[2] = 1 * ((((int) buffer[4]) << 8) | buffer[5]);    // Z axis (internal sensor -z axis)
0x0642	0xF003C0B3  	MOVFF       Gyro_Read_buffer_L0+4, R3
0x0646	0x0E00      	MOVLW       0
0x0648	0x6E04      	MOVWF       R4 
0x064A	0xF001C003  	MOVFF       R3, R1
0x064E	0x6A00      	CLRF        R0 
0x0650	0x51B4      	MOVF        Gyro_Read_buffer_L0+5, 0, 1
0x0652	0x1000      	IORWF       R0, 0 
0x0654	0x6FA3      	MOVWF       _gyro+4, 1
0x0656	0xF0A4C001  	MOVFF       R1, _gyro+5
0x065A	0x0E00      	MOVLW       0
0x065C	0x13A4      	IORWF       _gyro+5, 1, 1
;GY85.c,195 :: 		}
0x065E	0x0012      	RETURN      0
; end of _Gyro_Read
_I2C1_Init:
;__Lib_I2C_b10.c,2 :: 		
;__Lib_I2C_b10.c,9 :: 		
0x0660	0x9093      	BCF         TRISB0_bit, 0 
;__Lib_I2C_b10.c,10 :: 		
0x0662	0x9293      	BCF         TRISB1_bit, 1 
;__Lib_I2C_b10.c,13 :: 		
0x0664	0x908A      	BCF         LATB0_bit, 0 
;__Lib_I2C_b10.c,14 :: 		
0x0666	0x928A      	BCF         LATB1_bit, 1 
;__Lib_I2C_b10.c,17 :: 		
0x0668	0x8093      	BSF         TRISB0_bit, 0 
;__Lib_I2C_b10.c,18 :: 		
0x066A	0x8293      	BSF         TRISB1_bit, 1 
;__Lib_I2C_b10.c,20 :: 		
0x066C	0x9EC7      	BCF         SSPSTAT, 7 
;__Lib_I2C_b10.c,21 :: 		
0x066E	0x9CC7      	BCF         SSPSTAT, 6 
;__Lib_I2C_b10.c,22 :: 		
0x0670	0x0E38      	MOVLW       56
0x0672	0x6EC6      	MOVWF       SSPCON1 
;__Lib_I2C_b10.c,25 :: 		
0x0674	0x0012      	RETURN      0
; end of _I2C1_Init
___CC2DW:
;__Lib_System.c,21 :: 		
;__Lib_System.c,23 :: 		
_CC2DL_Loop1:
;__Lib_System.c,24 :: 		
0x0676	0x0009      	TBLRD*+
;__Lib_System.c,25 :: 		
0x0678	0xFFE6CFF5  	MOVFF       TABLAT, POSTINC1
;__Lib_System.c,26 :: 		
0x067C	0x0600      	DECF        R0, 1, 0
;__Lib_System.c,27 :: 		
0x067E	0xE1FB      	BNZ         _CC2DL_Loop1
;__Lib_System.c,28 :: 		
0x0680	0x0601      	DECF        R1, 1, 0
;__Lib_System.c,29 :: 		
0x0682	0xE1F9      	BNZ         _CC2DL_Loop1
;__Lib_System.c,31 :: 		
0x0684	0x0012      	RETURN      0
; end of ___CC2DW
_UART1_Init:
;__Lib_UART_c67.c,15 :: 		
;__Lib_UART_c67.c,18 :: 		
0x0686	0x0E00      	MOVLW       _UART1_Write
0x0688	0x0100      	MOVLB       0
0x068A	0x6F89      	MOVWF       _UART_Wr_Ptr, 1
0x068C	0x0E01      	MOVLW       hi_addr(_UART1_Write)
0x068E	0x6F8A      	MOVWF       _UART_Wr_Ptr+1, 1
0x0690	0x0EC2      	MOVLW       FARG_UART1_Write_data_
0x0692	0x6F8B      	MOVWF       _UART_Wr_Ptr+2, 1
0x0694	0x0E00      	MOVLW       hi_addr(FARG_UART1_Write_data_)
0x0696	0x6F8C      	MOVWF       _UART_Wr_Ptr+3, 1
;__Lib_UART_c67.c,19 :: 		
0x0698	0x0EFF      	MOVLW       _UART1_Read
0x069A	0x6F95      	MOVWF       _UART_Rd_Ptr, 1
0x069C	0x0EFF      	MOVLW       hi_addr(_UART1_Read)
0x069E	0x6F96      	MOVWF       _UART_Rd_Ptr+1, 1
0x06A0	0x0E00      	MOVLW       0
0x06A2	0x6F97      	MOVWF       _UART_Rd_Ptr+2, 1
0x06A4	0x0E00      	MOVLW       0
0x06A6	0x6F98      	MOVWF       _UART_Rd_Ptr+3, 1
;__Lib_UART_c67.c,20 :: 		
0x06A8	0x0EFF      	MOVLW       _UART1_Data_Ready
0x06AA	0x6F91      	MOVWF       _UART_Rdy_Ptr, 1
0x06AC	0x0EFF      	MOVLW       hi_addr(_UART1_Data_Ready)
0x06AE	0x6F92      	MOVWF       _UART_Rdy_Ptr+1, 1
0x06B0	0x0E00      	MOVLW       0
0x06B2	0x6F93      	MOVWF       _UART_Rdy_Ptr+2, 1
0x06B4	0x0E00      	MOVLW       0
0x06B6	0x6F94      	MOVWF       _UART_Rdy_Ptr+3, 1
;__Lib_UART_c67.c,21 :: 		
0x06B8	0x0EFF      	MOVLW       _UART1_Tx_Idle
0x06BA	0x6F8D      	MOVWF       _UART_Tx_Idle_Ptr, 1
0x06BC	0x0EFF      	MOVLW       hi_addr(_UART1_Tx_Idle)
0x06BE	0x6F8E      	MOVWF       _UART_Tx_Idle_Ptr+1, 1
0x06C0	0x0E00      	MOVLW       0
0x06C2	0x6F8F      	MOVWF       _UART_Tx_Idle_Ptr+2, 1
0x06C4	0x0E00      	MOVLW       0
0x06C6	0x6F90      	MOVWF       _UART_Tx_Idle_Ptr+3, 1
;__Lib_UART_c67.c,23 :: 		
0x06C8	0x8AAC      	BSF         TXSTA, 5 
;__Lib_UART_c67.c,24 :: 		
0x06CA	0x0E90      	MOVLW       144
0x06CC	0x6EAB      	MOVWF       RCSTA 
;__Lib_UART_c67.c,25 :: 		
0x06CE	0x8E94      	BSF         TRISC7_bit, 7 
;__Lib_UART_c67.c,26 :: 		
0x06D0	0x9C94      	BCF         TRISC6_bit, 6 
;__Lib_UART_c67.c,28 :: 		
L_UART1_Init0:
0x06D2	0xAA9E      	BTFSS       PIR1, 5 
0x06D4	0xD003      	BRA         L_UART1_Init1
;__Lib_UART_c67.c,29 :: 		
0x06D6	0xF000CFAE  	MOVFF       RCREG, R0
0x06DA	0xD7FB      	BRA         L_UART1_Init0
L_UART1_Init1:
;__Lib_UART_c67.c,30 :: 		
0x06DC	0x0012      	RETURN      0
; end of _UART1_Init
_GY_85_Read:
;GY_85_Project.c,48 :: 		void GY_85_Read(){
;GY_85_Project.c,49 :: 		Acc_Read();
0x06DE	0xDF08      	RCALL       _Acc_Read
;GY_85_Project.c,50 :: 		Magneto_Read();
0x06E0	0xDE76      	RCALL       _Magneto_Read
;GY_85_Project.c,51 :: 		Gyro_Read();
0x06E2	0xDF62      	RCALL       _Gyro_Read
;GY_85_Project.c,52 :: 		}
0x06E4	0x0012      	RETURN      0
; end of _GY_85_Read
_printf_result:
;GY_85_Project.c,25 :: 		void printf_result(){
;GY_85_Project.c,26 :: 		UART1_Write_Text("X_acc:");UART1_Printf(accel[0]); UART1_Write_Text("  ");
0x06E6	0x0E39      	MOVLW       ?lstr1_GY_85_Project
0x06E8	0x0100      	MOVLB       0
0x06EA	0x6FB8      	MOVWF       FARG_UART1_Write_Text_uart_text, 1
0x06EC	0x0E00      	MOVLW       hi_addr(?lstr1_GY_85_Project)
0x06EE	0x6FB9      	MOVWF       FARG_UART1_Write_Text_uart_text+1, 1
0x06F0	0xDDDB      	RCALL       _UART1_Write_Text
0x06F2	0xF0AFC0A5  	MOVFF       _accel, FARG_UART1_Printf_value
0x06F6	0xF0B0C0A6  	MOVFF       _accel+1, FARG_UART1_Printf_value+1
0x06FA	0xDDFC      	RCALL       _UART1_Printf
0x06FC	0x0E36      	MOVLW       ?lstr2_GY_85_Project
0x06FE	0x6FB8      	MOVWF       FARG_UART1_Write_Text_uart_text, 1
0x0700	0x0E00      	MOVLW       hi_addr(?lstr2_GY_85_Project)
0x0702	0x6FB9      	MOVWF       FARG_UART1_Write_Text_uart_text+1, 1
0x0704	0xDDD1      	RCALL       _UART1_Write_Text
;GY_85_Project.c,27 :: 		UART1_Write_Text("Y_acc:");UART1_Printf(accel[1]); UART1_Write_Text("  ");
0x0706	0x0E58      	MOVLW       ?lstr3_GY_85_Project
0x0708	0x6FB8      	MOVWF       FARG_UART1_Write_Text_uart_text, 1
0x070A	0x0E00      	MOVLW       hi_addr(?lstr3_GY_85_Project)
0x070C	0x6FB9      	MOVWF       FARG_UART1_Write_Text_uart_text+1, 1
0x070E	0xDDCC      	RCALL       _UART1_Write_Text
0x0710	0xF0AFC0A7  	MOVFF       _accel+2, FARG_UART1_Printf_value
0x0714	0xF0B0C0A8  	MOVFF       _accel+3, FARG_UART1_Printf_value+1
0x0718	0xDDED      	RCALL       _UART1_Printf
0x071A	0x0E55      	MOVLW       ?lstr4_GY_85_Project
0x071C	0x6FB8      	MOVWF       FARG_UART1_Write_Text_uart_text, 1
0x071E	0x0E00      	MOVLW       hi_addr(?lstr4_GY_85_Project)
0x0720	0x6FB9      	MOVWF       FARG_UART1_Write_Text_uart_text+1, 1
0x0722	0xDDC2      	RCALL       _UART1_Write_Text
;GY_85_Project.c,28 :: 		UART1_Write_Text("Z_acc:");UART1_Printf(accel[2]); UART1_Write_Text("  ");
0x0724	0x0E4E      	MOVLW       ?lstr5_GY_85_Project
0x0726	0x6FB8      	MOVWF       FARG_UART1_Write_Text_uart_text, 1
0x0728	0x0E00      	MOVLW       hi_addr(?lstr5_GY_85_Project)
0x072A	0x6FB9      	MOVWF       FARG_UART1_Write_Text_uart_text+1, 1
0x072C	0xDDBD      	RCALL       _UART1_Write_Text
0x072E	0xF0AFC0A9  	MOVFF       _accel+4, FARG_UART1_Printf_value
0x0732	0xF0B0C0AA  	MOVFF       _accel+5, FARG_UART1_Printf_value+1
0x0736	0xDDDE      	RCALL       _UART1_Printf
0x0738	0x0E33      	MOVLW       ?lstr6_GY_85_Project
0x073A	0x6FB8      	MOVWF       FARG_UART1_Write_Text_uart_text, 1
0x073C	0x0E00      	MOVLW       hi_addr(?lstr6_GY_85_Project)
0x073E	0x6FB9      	MOVWF       FARG_UART1_Write_Text_uart_text+1, 1
0x0740	0xDDB3      	RCALL       _UART1_Write_Text
;GY_85_Project.c,29 :: 		UART1_Write_Text("\r\n");
0x0742	0x0E1F      	MOVLW       ?lstr7_GY_85_Project
0x0744	0x6FB8      	MOVWF       FARG_UART1_Write_Text_uart_text, 1
0x0746	0x0E00      	MOVLW       hi_addr(?lstr7_GY_85_Project)
0x0748	0x6FB9      	MOVWF       FARG_UART1_Write_Text_uart_text+1, 1
0x074A	0xDDAE      	RCALL       _UART1_Write_Text
;GY_85_Project.c,31 :: 		UART1_Write_Text("X_mag:");UART1_Printf(magnetom[0]); UART1_Write_Text("  ");
0x074C	0x0E18      	MOVLW       ?lstr8_GY_85_Project
0x074E	0x6FB8      	MOVWF       FARG_UART1_Write_Text_uart_text, 1
0x0750	0x0E00      	MOVLW       hi_addr(?lstr8_GY_85_Project)
0x0752	0x6FB9      	MOVWF       FARG_UART1_Write_Text_uart_text+1, 1
0x0754	0xDDA9      	RCALL       _UART1_Write_Text
0x0756	0xF0AFC099  	MOVFF       _magnetom, FARG_UART1_Printf_value
0x075A	0xF0B0C09A  	MOVFF       _magnetom+1, FARG_UART1_Printf_value+1
0x075E	0xDDCA      	RCALL       _UART1_Printf
0x0760	0x0E15      	MOVLW       ?lstr9_GY_85_Project
0x0762	0x6FB8      	MOVWF       FARG_UART1_Write_Text_uart_text, 1
0x0764	0x0E00      	MOVLW       hi_addr(?lstr9_GY_85_Project)
0x0766	0x6FB9      	MOVWF       FARG_UART1_Write_Text_uart_text+1, 1
0x0768	0xDD9F      	RCALL       _UART1_Write_Text
;GY_85_Project.c,32 :: 		UART1_Write_Text("Y_mag:");UART1_Printf(magnetom[1]); UART1_Write_Text("  ");
0x076A	0x0E2C      	MOVLW       ?lstr10_GY_85_Project
0x076C	0x6FB8      	MOVWF       FARG_UART1_Write_Text_uart_text, 1
0x076E	0x0E00      	MOVLW       hi_addr(?lstr10_GY_85_Project)
0x0770	0x6FB9      	MOVWF       FARG_UART1_Write_Text_uart_text+1, 1
0x0772	0xDD9A      	RCALL       _UART1_Write_Text
0x0774	0xF0AFC09B  	MOVFF       _magnetom+2, FARG_UART1_Printf_value
0x0778	0xF0B0C09C  	MOVFF       _magnetom+3, FARG_UART1_Printf_value+1
0x077C	0xDDBB      	RCALL       _UART1_Printf
0x077E	0x0E29      	MOVLW       ?lstr11_GY_85_Project
0x0780	0x6FB8      	MOVWF       FARG_UART1_Write_Text_uart_text, 1
0x0782	0x0E00      	MOVLW       hi_addr(?lstr11_GY_85_Project)
0x0784	0x6FB9      	MOVWF       FARG_UART1_Write_Text_uart_text+1, 1
0x0786	0xDD90      	RCALL       _UART1_Write_Text
;GY_85_Project.c,33 :: 		UART1_Write_Text("Z_mag:");UART1_Printf(magnetom[2]); UART1_Write_Text("  ");
0x0788	0x0E22      	MOVLW       ?lstr12_GY_85_Project
0x078A	0x6FB8      	MOVWF       FARG_UART1_Write_Text_uart_text, 1
0x078C	0x0E00      	MOVLW       hi_addr(?lstr12_GY_85_Project)
0x078E	0x6FB9      	MOVWF       FARG_UART1_Write_Text_uart_text+1, 1
0x0790	0xDD8B      	RCALL       _UART1_Write_Text
0x0792	0xF0AFC09D  	MOVFF       _magnetom+4, FARG_UART1_Printf_value
0x0796	0xF0B0C09E  	MOVFF       _magnetom+5, FARG_UART1_Printf_value+1
0x079A	0xDDAC      	RCALL       _UART1_Printf
0x079C	0x0E78      	MOVLW       ?lstr13_GY_85_Project
0x079E	0x6FB8      	MOVWF       FARG_UART1_Write_Text_uart_text, 1
0x07A0	0x0E00      	MOVLW       hi_addr(?lstr13_GY_85_Project)
0x07A2	0x6FB9      	MOVWF       FARG_UART1_Write_Text_uart_text+1, 1
0x07A4	0xDD81      	RCALL       _UART1_Write_Text
;GY_85_Project.c,34 :: 		UART1_Write_Text("\r\n");
0x07A6	0x0E75      	MOVLW       ?lstr14_GY_85_Project
0x07A8	0x6FB8      	MOVWF       FARG_UART1_Write_Text_uart_text, 1
0x07AA	0x0E00      	MOVLW       hi_addr(?lstr14_GY_85_Project)
0x07AC	0x6FB9      	MOVWF       FARG_UART1_Write_Text_uart_text+1, 1
0x07AE	0xDD7C      	RCALL       _UART1_Write_Text
;GY_85_Project.c,36 :: 		UART1_Write_Text("X_gyro:");UART1_Printf(gyro[0]); UART1_Write_Text("  ");
0x07B0	0x0E6D      	MOVLW       ?lstr15_GY_85_Project
0x07B2	0x6FB8      	MOVWF       FARG_UART1_Write_Text_uart_text, 1
0x07B4	0x0E00      	MOVLW       hi_addr(?lstr15_GY_85_Project)
0x07B6	0x6FB9      	MOVWF       FARG_UART1_Write_Text_uart_text+1, 1
0x07B8	0xDD77      	RCALL       _UART1_Write_Text
0x07BA	0xF0AFC09F  	MOVFF       _gyro, FARG_UART1_Printf_value
0x07BE	0xF0B0C0A0  	MOVFF       _gyro+1, FARG_UART1_Printf_value+1
0x07C2	0xDD98      	RCALL       _UART1_Printf
0x07C4	0x0E86      	MOVLW       ?lstr16_GY_85_Project
0x07C6	0x6FB8      	MOVWF       FARG_UART1_Write_Text_uart_text, 1
0x07C8	0x0E00      	MOVLW       hi_addr(?lstr16_GY_85_Project)
0x07CA	0x6FB9      	MOVWF       FARG_UART1_Write_Text_uart_text+1, 1
0x07CC	0xDD6D      	RCALL       _UART1_Write_Text
;GY_85_Project.c,37 :: 		UART1_Write_Text("Y_gyro:");UART1_Printf(gyro[1]); UART1_Write_Text("  ");
0x07CE	0x0E7E      	MOVLW       ?lstr17_GY_85_Project
0x07D0	0x6FB8      	MOVWF       FARG_UART1_Write_Text_uart_text, 1
0x07D2	0x0E00      	MOVLW       hi_addr(?lstr17_GY_85_Project)
0x07D4	0x6FB9      	MOVWF       FARG_UART1_Write_Text_uart_text+1, 1
0x07D6	0xDD68      	RCALL       _UART1_Write_Text
0x07D8	0xF0AFC0A1  	MOVFF       _gyro+2, FARG_UART1_Printf_value
0x07DC	0xF0B0C0A2  	MOVFF       _gyro+3, FARG_UART1_Printf_value+1
0x07E0	0xDD89      	RCALL       _UART1_Printf
0x07E2	0x0E7B      	MOVLW       ?lstr18_GY_85_Project
0x07E4	0x6FB8      	MOVWF       FARG_UART1_Write_Text_uart_text, 1
0x07E6	0x0E00      	MOVLW       hi_addr(?lstr18_GY_85_Project)
0x07E8	0x6FB9      	MOVWF       FARG_UART1_Write_Text_uart_text+1, 1
0x07EA	0xDD5E      	RCALL       _UART1_Write_Text
;GY_85_Project.c,38 :: 		UART1_Write_Text("Z_gyro:");UART1_Printf(gyro[2]); UART1_Write_Text("  ");
0x07EC	0x0E65      	MOVLW       ?lstr19_GY_85_Project
0x07EE	0x6FB8      	MOVWF       FARG_UART1_Write_Text_uart_text, 1
0x07F0	0x0E00      	MOVLW       hi_addr(?lstr19_GY_85_Project)
0x07F2	0x6FB9      	MOVWF       FARG_UART1_Write_Text_uart_text+1, 1
0x07F4	0xDD59      	RCALL       _UART1_Write_Text
0x07F6	0xF0AFC0A3  	MOVFF       _gyro+4, FARG_UART1_Printf_value
0x07FA	0xF0B0C0A4  	MOVFF       _gyro+5, FARG_UART1_Printf_value+1
0x07FE	0xDD7A      	RCALL       _UART1_Printf
0x0800	0x0E62      	MOVLW       ?lstr20_GY_85_Project
0x0802	0x6FB8      	MOVWF       FARG_UART1_Write_Text_uart_text, 1
0x0804	0x0E00      	MOVLW       hi_addr(?lstr20_GY_85_Project)
0x0806	0x6FB9      	MOVWF       FARG_UART1_Write_Text_uart_text+1, 1
0x0808	0xDD4F      	RCALL       _UART1_Write_Text
;GY_85_Project.c,39 :: 		UART1_Write_Text("\r\n");
0x080A	0x0E5F      	MOVLW       ?lstr21_GY_85_Project
0x080C	0x6FB8      	MOVWF       FARG_UART1_Write_Text_uart_text, 1
0x080E	0x0E00      	MOVLW       hi_addr(?lstr21_GY_85_Project)
0x0810	0x6FB9      	MOVWF       FARG_UART1_Write_Text_uart_text+1, 1
0x0812	0xDD4A      	RCALL       _UART1_Write_Text
;GY_85_Project.c,40 :: 		}
0x0814	0x0012      	RETURN      0
; end of _printf_result
_GY_85_Init:
;GY_85_Project.c,42 :: 		void GY_85_Init(){
;GY_85_Project.c,43 :: 		Acc_Init();
0x0816	0xDD8F      	RCALL       _Acc_Init
;GY_85_Project.c,44 :: 		Magneto_Init();
0x0818	0xDD7D      	RCALL       _Magneto_Init
;GY_85_Project.c,45 :: 		Gyro_Init();
0x081A	0xDE35      	RCALL       _Gyro_Init
;GY_85_Project.c,46 :: 		}
0x081C	0x0012      	RETURN      0
; end of _GY_85_Init
_main:
0x081E	0xF004EC94  	CALL        2344, 0
;GY_85_Project.c,54 :: 		void main() {
;GY_85_Project.c,55 :: 		TRISC=0;
0x0822	0x6A94      	CLRF        TRISC 
;GY_85_Project.c,56 :: 		TRISC7_bit=1;
0x0824	0x8E94      	BSF         TRISC7_bit, 7 
;GY_85_Project.c,57 :: 		UART1_Init(115200);
0x0826	0x0E19      	MOVLW       25
0x0828	0x6EAF      	MOVWF       SPBRG 
0x082A	0x84AC      	BSF         TXSTA, 2, 0
0x082C	0xDF2C      	RCALL       _UART1_Init
;GY_85_Project.c,58 :: 		Delay_ms(100);
0x082E	0x0E07      	MOVLW       7
0x0830	0x6E0B      	MOVWF       R11, 0
0x0832	0x0E17      	MOVLW       23
0x0834	0x6E0C      	MOVWF       R12, 0
0x0836	0x0E6A      	MOVLW       106
0x0838	0x6E0D      	MOVWF       R13, 0
L_main0:
0x083A	0x2E0D      	DECFSZ      R13, 1, 0
0x083C	0xD7FE      	BRA         L_main0
0x083E	0x2E0C      	DECFSZ      R12, 1, 0
0x0840	0xD7FC      	BRA         L_main0
0x0842	0x2E0B      	DECFSZ      R11, 1, 0
0x0844	0xD7FA      	BRA         L_main0
0x0846	0x0000      	NOP
;GY_85_Project.c,59 :: 		UART1_Write_Text("GY-85 Start\r\n");
0x0848	0x0E40      	MOVLW       ?lstr22_GY_85_Project
0x084A	0x0100      	MOVLB       0
0x084C	0x6FB8      	MOVWF       FARG_UART1_Write_Text_uart_text, 1
0x084E	0x0E00      	MOVLW       hi_addr(?lstr22_GY_85_Project)
0x0850	0x6FB9      	MOVWF       FARG_UART1_Write_Text_uart_text+1, 1
0x0852	0xDD2A      	RCALL       _UART1_Write_Text
;GY_85_Project.c,60 :: 		I2C1_Init(100000);
0x0854	0x0E78      	MOVLW       120
0x0856	0x6EC8      	MOVWF       SSPADD 
0x0858	0xDF03      	RCALL       _I2C1_Init
;GY_85_Project.c,61 :: 		Delay_ms(100);
0x085A	0x0E07      	MOVLW       7
0x085C	0x6E0B      	MOVWF       R11, 0
0x085E	0x0E17      	MOVLW       23
0x0860	0x6E0C      	MOVWF       R12, 0
0x0862	0x0E6A      	MOVLW       106
0x0864	0x6E0D      	MOVWF       R13, 0
L_main1:
0x0866	0x2E0D      	DECFSZ      R13, 1, 0
0x0868	0xD7FE      	BRA         L_main1
0x086A	0x2E0C      	DECFSZ      R12, 1, 0
0x086C	0xD7FC      	BRA         L_main1
0x086E	0x2E0B      	DECFSZ      R11, 1, 0
0x0870	0xD7FA      	BRA         L_main1
0x0872	0x0000      	NOP
;GY_85_Project.c,62 :: 		GY_85_Init(); // Init GY-85 sensor
0x0874	0xDFD0      	RCALL       _GY_85_Init
;GY_85_Project.c,63 :: 		Delay_ms(100);
0x0876	0x0E07      	MOVLW       7
0x0878	0x6E0B      	MOVWF       R11, 0
0x087A	0x0E17      	MOVLW       23
0x087C	0x6E0C      	MOVWF       R12, 0
0x087E	0x0E6A      	MOVLW       106
0x0880	0x6E0D      	MOVWF       R13, 0
L_main2:
0x0882	0x2E0D      	DECFSZ      R13, 1, 0
0x0884	0xD7FE      	BRA         L_main2
0x0886	0x2E0C      	DECFSZ      R12, 1, 0
0x0888	0xD7FC      	BRA         L_main2
0x088A	0x2E0B      	DECFSZ      R11, 1, 0
0x088C	0xD7FA      	BRA         L_main2
0x088E	0x0000      	NOP
;GY_85_Project.c,65 :: 		do{
L_main3:
;GY_85_Project.c,66 :: 		GY_85_Read(); // Read GY-85 sensor
0x0890	0xDF26      	RCALL       _GY_85_Read
;GY_85_Project.c,67 :: 		printf_result();// Send the data to the USART
0x0892	0xDF29      	RCALL       _printf_result
;GY_85_Project.c,68 :: 		Delay_ms(1000);
0x0894	0x0E3D      	MOVLW       61
0x0896	0x6E0B      	MOVWF       R11, 0
0x0898	0x0EE1      	MOVLW       225
0x089A	0x6E0C      	MOVWF       R12, 0
0x089C	0x0E3F      	MOVLW       63
0x089E	0x6E0D      	MOVWF       R13, 0
L_main6:
0x08A0	0x2E0D      	DECFSZ      R13, 1, 0
0x08A2	0xD7FE      	BRA         L_main6
0x08A4	0x2E0C      	DECFSZ      R12, 1, 0
0x08A6	0xD7FC      	BRA         L_main6
0x08A8	0x2E0B      	DECFSZ      R11, 1, 0
0x08AA	0xD7FA      	BRA         L_main6
0x08AC	0x0000      	NOP
0x08AE	0x0000      	NOP
;GY_85_Project.c,69 :: 		}while(1);
0x08B0	0xD7EF      	BRA         L_main3
;GY_85_Project.c,70 :: 		}
0x08B2	0xD7FF      	BRA         $+0
; end of _main
0x0928	0xF015EE10  	LFSR        1, 21
0x092C	0x0E74      	MOVLW       116
0x092E	0x6E00      	MOVWF       R0 
0x0930	0x0E01      	MOVLW       1
0x0932	0x6E01      	MOVWF       R1 
0x0934	0x0EB4      	MOVLW       180
0x0936	0x6EF6      	MOVWF       4086 
0x0938	0x0E08      	MOVLW       8
0x093A	0x6EF7      	MOVWF       TBLPTRH 
0x093C	0x0E00      	MOVLW       0
0x093E	0x6EF8      	MOVWF       TBLPTRU 
0x0940	0xF003EC3B  	CALL        1654, 0
0x0944	0x0012      	RETURN      0
;GY_85_Project.c,0 :: ?ICS?lstr9_GY_85_Project
0x08B4	0x2020 ;?ICS?lstr9_GY_85_Project+0
0x08B6	0x00 ;?ICS?lstr9_GY_85_Project+2
; end of ?ICS?lstr9_GY_85_Project
;GY_85_Project.c,0 :: ?ICS?lstr8_GY_85_Project
0x08B7	0x5F58 ;?ICS?lstr8_GY_85_Project+0
0x08B9	0x616D ;?ICS?lstr8_GY_85_Project+2
0x08BB	0x3A67 ;?ICS?lstr8_GY_85_Project+4
0x08BD	0x00 ;?ICS?lstr8_GY_85_Project+6
; end of ?ICS?lstr8_GY_85_Project
;GY_85_Project.c,0 :: ?ICS?lstr7_GY_85_Project
0x08BE	0x0A0D ;?ICS?lstr7_GY_85_Project+0
0x08C0	0x00 ;?ICS?lstr7_GY_85_Project+2
; end of ?ICS?lstr7_GY_85_Project
;GY_85_Project.c,0 :: ?ICS?lstr12_GY_85_Project
0x08C1	0x5F5A ;?ICS?lstr12_GY_85_Project+0
0x08C3	0x616D ;?ICS?lstr12_GY_85_Project+2
0x08C5	0x3A67 ;?ICS?lstr12_GY_85_Project+4
0x08C7	0x00 ;?ICS?lstr12_GY_85_Project+6
; end of ?ICS?lstr12_GY_85_Project
;GY_85_Project.c,0 :: ?ICS?lstr11_GY_85_Project
0x08C8	0x2020 ;?ICS?lstr11_GY_85_Project+0
0x08CA	0x00 ;?ICS?lstr11_GY_85_Project+2
; end of ?ICS?lstr11_GY_85_Project
;GY_85_Project.c,0 :: ?ICS?lstr10_GY_85_Project
0x08CB	0x5F59 ;?ICS?lstr10_GY_85_Project+0
0x08CD	0x616D ;?ICS?lstr10_GY_85_Project+2
0x08CF	0x3A67 ;?ICS?lstr10_GY_85_Project+4
0x08D1	0x00 ;?ICS?lstr10_GY_85_Project+6
; end of ?ICS?lstr10_GY_85_Project
;GY_85_Project.c,0 :: ?ICS?lstr6_GY_85_Project
0x08D2	0x2020 ;?ICS?lstr6_GY_85_Project+0
0x08D4	0x00 ;?ICS?lstr6_GY_85_Project+2
; end of ?ICS?lstr6_GY_85_Project
;GY_85_Project.c,0 :: ?ICS?lstr2_GY_85_Project
0x08D5	0x2020 ;?ICS?lstr2_GY_85_Project+0
0x08D7	0x00 ;?ICS?lstr2_GY_85_Project+2
; end of ?ICS?lstr2_GY_85_Project
;GY_85_Project.c,0 :: ?ICS?lstr1_GY_85_Project
0x08D8	0x5F58 ;?ICS?lstr1_GY_85_Project+0
0x08DA	0x6361 ;?ICS?lstr1_GY_85_Project+2
0x08DC	0x3A63 ;?ICS?lstr1_GY_85_Project+4
0x08DE	0x00 ;?ICS?lstr1_GY_85_Project+6
; end of ?ICS?lstr1_GY_85_Project
;GY_85_Project.c,0 :: ?ICS?lstr22_GY_85_Project
0x08DF	0x5947 ;?ICS?lstr22_GY_85_Project+0
0x08E1	0x382D ;?ICS?lstr22_GY_85_Project+2
0x08E3	0x2035 ;?ICS?lstr22_GY_85_Project+4
0x08E5	0x7453 ;?ICS?lstr22_GY_85_Project+6
0x08E7	0x7261 ;?ICS?lstr22_GY_85_Project+8
0x08E9	0x0D74 ;?ICS?lstr22_GY_85_Project+10
0x08EB	0x000A ;?ICS?lstr22_GY_85_Project+12
; end of ?ICS?lstr22_GY_85_Project
;GY_85_Project.c,0 :: ?ICS?lstr5_GY_85_Project
0x08ED	0x5F5A ;?ICS?lstr5_GY_85_Project+0
0x08EF	0x6361 ;?ICS?lstr5_GY_85_Project+2
0x08F1	0x3A63 ;?ICS?lstr5_GY_85_Project+4
0x08F3	0x00 ;?ICS?lstr5_GY_85_Project+6
; end of ?ICS?lstr5_GY_85_Project
;GY_85_Project.c,0 :: ?ICS?lstr4_GY_85_Project
0x08F4	0x2020 ;?ICS?lstr4_GY_85_Project+0
0x08F6	0x00 ;?ICS?lstr4_GY_85_Project+2
; end of ?ICS?lstr4_GY_85_Project
;GY_85_Project.c,0 :: ?ICS?lstr3_GY_85_Project
0x08F7	0x5F59 ;?ICS?lstr3_GY_85_Project+0
0x08F9	0x6361 ;?ICS?lstr3_GY_85_Project+2
0x08FB	0x3A63 ;?ICS?lstr3_GY_85_Project+4
0x08FD	0x00 ;?ICS?lstr3_GY_85_Project+6
; end of ?ICS?lstr3_GY_85_Project
;GY_85_Project.c,0 :: ?ICS?lstr21_GY_85_Project
0x08FE	0x0A0D ;?ICS?lstr21_GY_85_Project+0
0x0900	0x00 ;?ICS?lstr21_GY_85_Project+2
; end of ?ICS?lstr21_GY_85_Project
;GY_85_Project.c,0 :: ?ICS?lstr20_GY_85_Project
0x0901	0x2020 ;?ICS?lstr20_GY_85_Project+0
0x0903	0x00 ;?ICS?lstr20_GY_85_Project+2
; end of ?ICS?lstr20_GY_85_Project
;GY_85_Project.c,0 :: ?ICS?lstr19_GY_85_Project
0x0904	0x5F5A ;?ICS?lstr19_GY_85_Project+0
0x0906	0x7967 ;?ICS?lstr19_GY_85_Project+2
0x0908	0x6F72 ;?ICS?lstr19_GY_85_Project+4
0x090A	0x003A ;?ICS?lstr19_GY_85_Project+6
; end of ?ICS?lstr19_GY_85_Project
;GY_85_Project.c,0 :: ?ICS?lstr15_GY_85_Project
0x090C	0x5F58 ;?ICS?lstr15_GY_85_Project+0
0x090E	0x7967 ;?ICS?lstr15_GY_85_Project+2
0x0910	0x6F72 ;?ICS?lstr15_GY_85_Project+4
0x0912	0x003A ;?ICS?lstr15_GY_85_Project+6
; end of ?ICS?lstr15_GY_85_Project
;GY_85_Project.c,0 :: ?ICS?lstr14_GY_85_Project
0x0914	0x0A0D ;?ICS?lstr14_GY_85_Project+0
0x0916	0x00 ;?ICS?lstr14_GY_85_Project+2
; end of ?ICS?lstr14_GY_85_Project
;GY_85_Project.c,0 :: ?ICS?lstr13_GY_85_Project
0x0917	0x2020 ;?ICS?lstr13_GY_85_Project+0
0x0919	0x00 ;?ICS?lstr13_GY_85_Project+2
; end of ?ICS?lstr13_GY_85_Project
;GY_85_Project.c,0 :: ?ICS?lstr18_GY_85_Project
0x091A	0x2020 ;?ICS?lstr18_GY_85_Project+0
0x091C	0x00 ;?ICS?lstr18_GY_85_Project+2
; end of ?ICS?lstr18_GY_85_Project
;GY_85_Project.c,0 :: ?ICS?lstr17_GY_85_Project
0x091D	0x5F59 ;?ICS?lstr17_GY_85_Project+0
0x091F	0x7967 ;?ICS?lstr17_GY_85_Project+2
0x0921	0x6F72 ;?ICS?lstr17_GY_85_Project+4
0x0923	0x003A ;?ICS?lstr17_GY_85_Project+6
; end of ?ICS?lstr17_GY_85_Project
;GY_85_Project.c,0 :: ?ICS?lstr16_GY_85_Project
0x0925	0x2020 ;?ICS?lstr16_GY_85_Project+0
0x0927	0x00 ;?ICS?lstr16_GY_85_Project+2
; end of ?ICS?lstr16_GY_85_Project
Symbol List:
//** Routines locations **
//ADDRESS    SIZE    PROCEDURE
//----------------------------------------------
0x001C      [54]    _Div_16x16_U
0x0052      [26]    _I2C1_Is_Idle
0x006C      [66]    _I2C1_Start
0x00AE      [44]    _I2C1_Rd
0x00DA      [34]    _I2C1_Wr
0x00FC       [4]    _I2C1_Stop
0x0100      [14]    _UART1_Write
0x010E     [146]    _WordToStr
0x01A0      [46]    _accel_Read_Byte
0x01CE     [218]    _IntToStr
0x02A8      [52]    _UART1_Write_Text
0x02DC      [24]    _HMC5883L_write
0x02F4      [32]    _UART1_Printf
0x0314      [34]    _Magneto_Init
0x0336     [152]    _Acc_Init
0x03CE     [184]    _Magneto_Read
0x0486     [106]    _Gyro_Init
0x04F0     [184]    _Acc_Read
0x05A8     [184]    _Gyro_Read
0x0660      [22]    _I2C1_Init
0x0676      [16]    ___CC2DW
0x0686      [88]    _UART1_Init
0x06DE       [8]    _GY_85_Read
0x06E6     [304]    _printf_result
0x0816       [8]    _GY_85_Init
0x081E     [150]    _main
//** Variables locations ** 
//ADDRESS    SIZE    VARIABLE
//----------------------------------------------
0x0000       [1]    FLASH_Erase_64_SaveINTCON_L0
0x0000       [1]    EEPROM_Write_SaveINTCON_L0
0x0000       [1]    UART1_Init_tmp_L0
0x0000       [1]    __Lib_SoftI2C_PutZerosToLATSda_temp_sda_L0
0x0000       [1]    __Lib_SoftI2C_PutZerosToLATScl_temp_scl_L0
0x0000       [1]    SPI1_Write_tmp_L0
0x0000       [1]    R0
0x0001       [1]    R1
0x0001       [1]    FLASH_Erase_Write_64_i_L0
0x0001       [1]    FLASH_Write_32_i_L0
0x0001       [1]    __Lib_PS2_Wait_Falling_nsample_L0
0x0001       [1]    ispunct_rslt_L0
0x0001       [1]    UART1_Read___tmp_UART1_Read_L0
0x0001       [1]    I2C1_Rd_tmp_L0
0x0001       [2]    FLASH_Read_N_Bytes_i_L0
0x0002       [1]    R2
0x0002       [2]    strlen_cp_L0
0x0002       [1]    FLASH_Write_32_SaveINTCON_L0
0x0002       [2]    __Lib_USB_genHID_memset_usb_int_pp_L0
0x0002       [2]    memchr_s_L0
0x0002       [1]    FLASH_Erase_Write_64_j_L0
0x0002       [2]    memset_pp_L0
0x0002       [2]    __Lib_USB_genHID_memset_usb_pp_L0
0x0002       [2]    memcpy_dd_L0
0x0003       [1]    FLASH_Erase_Write_64_SaveINTCON_L0
0x0003       [1]    R3
0x0003       [2]    memmove_tt_L0
0x0003       [2]    __Lib_USB_genHID_USB_CtrlTrf_Tx_Service_byteToSend_L0
0x0003       [2]    Ltrim_original_L0
0x0004       [1]    R4
0x0004       [2]    __Lib_USB_genHID_USB_Transfer_Packet_Int_handle_L0
0x0004       [2]    __Lib_USB_genHID_USB_Get_Status_Handler_p_L2
0x0004       [2]    strcat_cp_L0
0x0004       [2]    memcpy_ss_L0
0x0004       [2]    frexp_pom_L0
0x0004       [2]    strcpy_cp_L0
0x0004       [2]    strncat_cp_L0
0x0004       [2]    __Lib_USB_genHID_USB_Std_Feature_Req_Handler_p_L0
0x0004       [2]    strncpy_cp_L0
0x0004       [2]    __Lib_USB_genHID_USB_Transfer_Packet_handle_L0
0x0005       [2]    __Lib_USB_genHID_USB_Configure_Endpoint_handle_L0
0x0005       [1]    R5
0x0005       [2]    Ltrim_p_L0
0x0005       [2]    memmove_ff_L0
0x0005       [2]    LongIntToHex_input_half_L0
0x0005       [2]    LongWordToHex_input_half_L0
0x0006       [1]    R6
0x0007       [1]    R7
0x0008       [1]    R8
0x0009       [1]    R9
0x000A       [1]    R10
0x000B       [1]    R11
0x000C       [1]    R12
0x000D       [1]    R13
0x000E       [1]    R14
0x000F       [1]    R15
0x0010       [1]    R16
0x0011       [1]    R17
0x0012       [1]    R18
0x0013       [1]    R19
0x0014       [1]    R20
0x0015       [3]    ?lstr9_GY_85_Project
0x0018       [7]    ?lstr8_GY_85_Project
0x001F       [3]    ?lstr7_GY_85_Project
0x0022       [7]    ?lstr12_GY_85_Project
0x0029       [3]    ?lstr11_GY_85_Project
0x002C       [7]    ?lstr10_GY_85_Project
0x0033       [3]    ?lstr6_GY_85_Project
0x0036       [3]    ?lstr2_GY_85_Project
0x0039       [7]    ?lstr1_GY_85_Project
0x0040      [14]    ?lstr22_GY_85_Project
0x004E       [7]    ?lstr5_GY_85_Project
0x0055       [3]    ?lstr4_GY_85_Project
0x0058       [7]    ?lstr3_GY_85_Project
0x005F       [3]    ?lstr21_GY_85_Project
0x0062       [3]    ?lstr20_GY_85_Project
0x0065       [8]    ?lstr19_GY_85_Project
0x006D       [8]    ?lstr15_GY_85_Project
0x0075       [3]    ?lstr14_GY_85_Project
0x0078       [3]    ?lstr13_GY_85_Project
0x007B       [3]    ?lstr18_GY_85_Project
0x007E       [8]    ?lstr17_GY_85_Project
0x0086       [3]    ?lstr16_GY_85_Project
0x0089       [4]    _UART_Wr_Ptr
0x008D       [4]    _UART_Tx_Idle_Ptr
0x0091       [4]    _UART_Rdy_Ptr
0x0095       [4]    _UART_Rd_Ptr
0x0099       [6]    _magnetom
0x009F       [6]    _gyro
0x00A5       [6]    _accel
0x00AB       [4]    FARG_I2C1_Init_clock
0x00AF       [6]    Magneto_Read_buffer_L0
0x00AF       [6]    Gyro_Read_buffer_L0
0x00AF       [2]    FARG_UART1_Printf_value
0x00AF       [6]    Acc_Read_buffer_L0
0x00B1       [7]    UART1_Printf_txt_L0
0x00B8       [2]    FARG_UART1_Write_Text_uart_text
0x00B8       [2]    FARG_IntToStr_input
0x00B8       [1]    FARG_accel_Read_Byte_address_sensor
0x00B8       [1]    FARG_HMC5883L_write_reg_address
0x00B9       [1]    FARG_HMC5883L_write_value
0x00B9       [1]    FARG_accel_Read_Byte_register_address
0x00BA       [1]    UART1_Write_Text_data__L0
0x00BA       [2]    FARG_IntToStr_output
0x00BA       [1]    accel_Read_Byte_Data_Read_L0
0x00BB       [1]    UART1_Write_Text_counter_L0
0x00BC       [2]    IntToStr_i_L0
0x00BE       [2]    IntToStr_negative_L0
0x00C0       [2]    IntToStr_inword_L0
0x00C2       [2]    FARG_WordToStr_input
0x00C2       [1]    FARG_I2C1_Wr_data_
0x00C2       [1]    FARG_I2C1_Rd_ack
0x00C2       [2]    I2C1_Start_j_L0
0x00C2       [1]    FARG_UART1_Write_data_
0x00C4       [2]    FARG_WordToStr_output
0x00C6       [1]    WordToStr_len_L0
0x00C7       [2]    FLOC__WordToStr
0x0400      [32]    __Lib_USB_genHID_BDT
0x0420       [8]    __Lib_USB_genHID_SetupPkt
0x0428       [8]    __Lib_USB_genHID_CtrlTrfData
0x0430       [3]    __Lib_USB_genHID_hid_report_out
0x0433       [3]    __Lib_USB_genHID_hid_report_in
0x0F62       [1]    SPPDATA
0x0F63       [0]    CLKCFG1_bit
0x0F63       [1]    SPPCFG
0x0F63       [0]    WS2_bit
0x0F63       [0]    CSEN_bit
0x0F63       [0]    CLK1EN_bit
0x0F63       [0]    WS0_bit
0x0F63       [0]    WS1_bit
0x0F63       [0]    CLKCFG0_bit
0x0F63       [0]    WS3_bit
0x0F64       [0]    ADDR3_SPPEPS_bit
0x0F64       [0]    ADDR2_SPPEPS_bit
0x0F64       [0]    ADDR1_SPPEPS_bit
0x0F64       [0]    ADDR0_SPPEPS_bit
0x0F64       [0]    RDSPP_bit
0x0F64       [0]    WRSPP_bit
0x0F64       [1]    SPPEPS
0x0F64       [0]    SPPBUSY_bit
0x0F65       [0]    RDYO_bit
0x0F65       [1]    SPPCON
0x0F65       [0]    SPPEN_bit
0x0F65       [0]    DMA0WN_bit
0x0F66       [1]    UFRML
0x0F66       [0]    FRM1_bit
0x0F66       [0]    FRM0_bit
0x0F66       [0]    FRM3_bit
0x0F66       [1]    UFRM
0x0F66       [0]    FRM2_bit
0x0F66       [0]    FRM5_bit
0x0F66       [0]    FRM4_bit
0x0F66       [0]    FRM7_bit
0x0F66       [0]    FRM6_bit
0x0F67       [1]    UFRMH
0x0F67       [0]    FRM9_bit
0x0F67       [0]    FRM8_bit
0x0F67       [0]    FRM10_bit
0x0F68       [0]    SOFIF_bit
0x0F68       [0]    ACTVIF_bit
0x0F68       [1]    UIR
0x0F68       [0]    IDLEIF_bit
0x0F68       [0]    TRNIF_bit
0x0F68       [0]    UERRIF_bit
0x0F68       [0]    STALLIF_bit
0x0F68       [0]    URSTIF_bit
0x0F69       [0]    IDLEIE_bit
0x0F69       [0]    TRNIE_bit
0x0F69       [0]    ACTVIE_bit
0x0F69       [1]    UIE
0x0F69       [0]    UERRIE_bit
0x0F69       [0]    URSTIE_bit
0x0F69       [0]    STALLIE_bit
0x0F69       [0]    SOFIE_bit
0x0F6A       [0]    DFN8EF_bit
0x0F6A       [0]    PIDEF_bit
0x0F6A       [0]    CRC16EF_bit
0x0F6A       [0]    CRC5EF_bit
0x0F6A       [1]    UEIR
0x0F6A       [0]    BTOEF_bit
0x0F6A       [0]    BTSEF_bit
0x0F6B       [0]    CRC5EE_bit
0x0F6B       [0]    CRC16EE_bit
0x0F6B       [0]    PIDEE_bit
0x0F6B       [0]    BTSEE_bit
0x0F6B       [0]    BTOEE_bit
0x0F6B       [0]    DFN8EE_bit
0x0F6B       [1]    UEIE
0x0F6C       [0]    ENDP1_bit
0x0F6C       [0]    ENDP0_bit
0x0F6C       [0]    ENDP2_bit
0x0F6C       [1]    USTAT
0x0F6C       [0]    PPBI_bit
0x0F6C       [0]    DIR__bit
0x0F6C       [0]    ENDP3_bit
0x0F6D       [0]    SUSPND_bit
0x0F6D       [0]    RESUME__bit
0x0F6D       [0]    SE0_bit
0x0F6D       [0]    PKTDIS_bit
0x0F6D       [0]    USBEN_bit
0x0F6D       [1]    UCON
0x0F6D       [0]    PPBRST_bit
0x0F6E       [0]    ADDR5_bit
0x0F6E       [0]    ADDR4_bit
0x0F6E       [1]    UADDR
0x0F6E       [0]    ADDR6_bit
0x0F6E       [0]    ADDR1_bit
0x0F6E       [0]    ADDR0_bit
0x0F6E       [0]    ADDR3_bit
0x0F6E       [0]    ADDR2_bit
0x0F6F       [0]    UPUEN_bit
0x0F6F       [0]    UOEMON_bit
0x0F6F       [1]    UCFG
0x0F6F       [0]    UTEYE_bit
0x0F6F       [0]    PPB0_bit
0x0F6F       [0]    PPB1_bit
0x0F6F       [0]    UTRDIS_bit
0x0F6F       [0]    FSEN_bit
0x0F70       [1]    UEP0
0x0F70       [0]    EPOUTEN_bit
0x0F70       [0]    EPCONDIS_bit
0x0F70       [0]    EPHSHK_bit
0x0F70       [0]    EPSTALL_bit
0x0F70       [0]    EPINEN_bit
0x0F71       [1]    UEP1
0x0F71       [0]    EPCONDIS_UEP1_bit
0x0F71       [0]    EPHSHK_UEP1_bit
0x0F71       [0]    EPOUTEN_UEP1_bit
0x0F71       [0]    EPSTALL_UEP1_bit
0x0F71       [0]    EPINEN_UEP1_bit
0x0F72       [1]    UEP2
0x0F72       [0]    EPCONDIS_UEP2_bit
0x0F72       [0]    EPHSHK_UEP2_bit
0x0F72       [0]    EPOUTEN_UEP2_bit
0x0F72       [0]    EPSTALL_UEP2_bit
0x0F72       [0]    EPINEN_UEP2_bit
0x0F73       [0]    EPCONDIS_UEP3_bit
0x0F73       [0]    EPHSHK_UEP3_bit
0x0F73       [1]    UEP3
0x0F73       [0]    EPSTALL_UEP3_bit
0x0F73       [0]    EPINEN_UEP3_bit
0x0F73       [0]    EPOUTEN_UEP3_bit
0x0F74       [0]    EPCONDIS_UEP4_bit
0x0F74       [0]    EPHSHK_UEP4_bit
0x0F74       [0]    EPOUTEN_UEP4_bit
0x0F74       [0]    EPSTALL_UEP4_bit
0x0F74       [0]    EPINEN_UEP4_bit
0x0F74       [1]    UEP4
0x0F75       [0]    EPOUTEN_UEP5_bit
0x0F75       [0]    EPCONDIS_UEP5_bit
0x0F75       [0]    EPHSHK_UEP5_bit
0x0F75       [1]    UEP5
0x0F75       [0]    EPSTALL_UEP5_bit
0x0F75       [0]    EPINEN_UEP5_bit
0x0F76       [0]    EPINEN_UEP6_bit
0x0F76       [0]    EPOUTEN_UEP6_bit
0x0F76       [1]    UEP6
0x0F76       [0]    EPSTALL_UEP6_bit
0x0F76       [0]    EPCONDIS_UEP6_bit
0x0F76       [0]    EPHSHK_UEP6_bit
0x0F77       [1]    UEP7
0x0F77       [0]    EPHSHK_UEP7_bit
0x0F77       [0]    EPINEN_UEP7_bit
0x0F77       [0]    EPCONDIS_UEP7_bit
0x0F77       [0]    EPSTALL_UEP7_bit
0x0F77       [0]    EPOUTEN_UEP7_bit
0x0F78       [0]    EPHSHK_UEP8_bit
0x0F78       [0]    EPINEN_UEP8_bit
0x0F78       [0]    EPSTALL_UEP8_bit
0x0F78       [0]    EPCONDIS_UEP8_bit
0x0F78       [0]    EPOUTEN_UEP8_bit
0x0F78       [1]    UEP8
0x0F79       [0]    EPSTALL_UEP9_bit
0x0F79       [0]    EPINEN_UEP9_bit
0x0F79       [1]    UEP9
0x0F79       [0]    EPHSHK_UEP9_bit
0x0F79       [0]    EPCONDIS_UEP9_bit
0x0F79       [0]    EPOUTEN_UEP9_bit
0x0F7A       [1]    UEP10
0x0F7A       [0]    EPSTALL_UEP10_bit
0x0F7A       [0]    EPCONDIS_UEP10_bit
0x0F7A       [0]    EPHSHK_UEP10_bit
0x0F7A       [0]    EPINEN_UEP10_bit
0x0F7A       [0]    EPOUTEN_UEP10_bit
0x0F7B       [0]    EPHSHK_UEP11_bit
0x0F7B       [0]    EPINEN_UEP11_bit
0x0F7B       [0]    EPCONDIS_UEP11_bit
0x0F7B       [1]    UEP11
0x0F7B       [0]    EPOUTEN_UEP11_bit
0x0F7B       [0]    EPSTALL_UEP11_bit
0x0F7C       [0]    EPINEN_UEP12_bit
0x0F7C       [0]    EPCONDIS_UEP12_bit
0x0F7C       [0]    EPOUTEN_UEP12_bit
0x0F7C       [0]    EPSTALL_UEP12_bit
0x0F7C       [1]    UEP12
0x0F7C       [0]    EPHSHK_UEP12_bit
0x0F7D       [0]    EPHSHK_UEP13_bit
0x0F7D       [1]    UEP13
0x0F7D       [0]    EPOUTEN_UEP13_bit
0x0F7D       [0]    EPSTALL_UEP13_bit
0x0F7D       [0]    EPINEN_UEP13_bit
0x0F7D       [0]    EPCONDIS_UEP13_bit
0x0F7E       [0]    EPSTALL_UEP14_bit
0x0F7E       [0]    EPOUTEN_UEP14_bit
0x0F7E       [0]    EPINEN_UEP14_bit
0x0F7E       [0]    EPCONDIS_UEP14_bit
0x0F7E       [1]    UEP14
0x0F7E       [0]    EPHSHK_UEP14_bit
0x0F7F       [1]    UEP15
0x0F7F       [0]    EPCONDIS_UEP15_bit
0x0F7F       [0]    EPHSHK_UEP15_bit
0x0F7F       [0]    EPOUTEN_UEP15_bit
0x0F7F       [0]    EPSTALL_UEP15_bit
0x0F7F       [0]    EPINEN_UEP15_bit
0x0F80       [0]    AN4_bit
0x0F80       [0]    RA0_bit
0x0F80       [0]    VREFM_bit
0x0F80       [0]    OSC2_bit
0x0F80       [0]    AN2_bit
0x0F80       [0]    AN1_bit
0x0F80       [0]    AN3_bit
0x0F80       [0]    T0CKI_bit
0x0F80       [0]    RA6_bit
0x0F80       [0]    RA5_bit
0x0F80       [0]    RA2_bit
0x0F80       [0]    RA3_bit
0x0F80       [0]    RA1_bit
0x0F80       [0]    RA4_bit
0x0F80       [1]    PORTA
0x0F80       [0]    LVDIN_bit
0x0F80       [0]    VREFP_bit
0x0F80       [0]    AN0_bit
0x0F80       [0]    HLVDIN_bit
0x0F81       [0]    INT0_bit
0x0F81       [0]    PGC_bit
0x0F81       [0]    INT2_bit
0x0F81       [0]    PGD_bit
0x0F81       [0]    INT1_bit
0x0F81       [0]    PGM_bit
0x0F81       [0]    RB3_bit
0x0F81       [0]    RB4_bit
0x0F81       [0]    RB1_bit
0x0F81       [0]    RB2_bit
0x0F81       [0]    RB7_bit
0x0F81       [1]    PORTB
0x0F81       [0]    RB5_bit
0x0F81       [0]    RB6_bit
0x0F81       [0]    RB0_bit
0x0F82       [0]    RX__bit
0x0F82       [0]    T13CKI_bit
0x0F82       [0]    CCP1_bit
0x0F82       [0]    TX_bit
0x0F82       [1]    PORTC
0x0F82       [0]    RC0_bit
0x0F82       [0]    P1A_bit
0x0F82       [0]    CK_bit
0x0F82       [0]    RC5_bit
0x0F82       [0]    RC4_bit
0x0F82       [0]    RC7_bit
0x0F82       [0]    RC6_bit
0x0F82       [0]    T1OSO_bit
0x0F82       [0]    T1OSI_bit
0x0F82       [0]    RC2_bit
0x0F82       [0]    RC1_bit
0x0F84       [0]    RE3_bit
0x0F84       [1]    PORTE
0x0F89       [0]    LATA5_bit
0x0F89       [0]    LATA4_bit
0x0F89       [1]    LATA
0x0F89       [0]    LATA6_bit
0x0F89       [0]    LATA0_bit
0x0F89       [0]    LATA2_bit
0x0F89       [0]    LATA3_bit
0x0F89       [0]    LATA1_bit
0x0F8A       [1]    LATB
0x0F8A       [0]    LATB7_bit
0x0F8A       [0]    LATB2_bit
0x0F8A       [0]    LATB4_bit
0x0F8A       [0]    LATB3_bit
0x0F8A       [0]    LATB5_bit
0x0F8A       [0]    LATB0_bit
0x0F8A       [0]    LATB1_bit
0x0F8A       [0]    LATB6_bit
0x0F8B       [0]    LATC7_bit
0x0F8B       [0]    LATC2_bit
0x0F8B       [0]    LATC1_bit
0x0F8B       [0]    LATC0_bit
0x0F8B       [0]    LATC6_bit
0x0F8B       [1]    LATC
0x0F92       [0]    TRISA2_bit
0x0F92       [0]    TRISA1_bit
0x0F92       [0]    TRISA0_bit
0x0F92       [1]    TRISA
0x0F92       [0]    TRISA5_bit
0x0F92       [0]    TRISA6_bit
0x0F92       [0]    TRISA3_bit
0x0F92       [0]    TRISA4_bit
0x0F93       [0]    TRISB1_bit
0x0F93       [0]    TRISB7_bit
0x0F93       [1]    TRISB
0x0F93       [0]    TRISB0_bit
0x0F93       [0]    TRISB6_bit
0x0F93       [0]    TRISB3_bit
0x0F93       [0]    TRISB2_bit
0x0F93       [0]    TRISB5_bit
0x0F93       [0]    TRISB4_bit
0x0F94       [0]    TRISC2_bit
0x0F94       [0]    TRISC1_bit
0x0F94       [0]    TRISC0_bit
0x0F94       [1]    TRISC
0x0F94       [0]    TRISC7_bit
0x0F94       [0]    TRISC6_bit
0x0F9B       [0]    TUN2_bit
0x0F9B       [0]    TUN4_bit
0x0F9B       [0]    TUN3_bit
0x0F9B       [0]    INTSRC_bit
0x0F9B       [0]    TUN0_bit
0x0F9B       [1]    OSCTUNE
0x0F9B       [0]    TUN1_bit
0x0F9D       [0]    TMR1IE_bit
0x0F9D       [0]    RCIE_bit
0x0F9D       [0]    TXIE_bit
0x0F9D       [1]    PIE1
0x0F9D       [0]    ADIE_bit
0x0F9D       [0]    CCP1IE_bit
0x0F9D       [0]    TMR2IE_bit
0x0F9D       [0]    SSPIE_bit
0x0F9E       [0]    SSPIF_bit
0x0F9E       [0]    TMR2IF_bit
0x0F9E       [0]    CCP1IF_bit
0x0F9E       [1]    PIR1
0x0F9E       [0]    TXIF_bit
0x0F9E       [0]    ADIF_bit
0x0F9E       [0]    RCIF_bit
0x0F9E       [0]    TMR1IF_bit
0x0F9F       [0]    TXIP_bit
0x0F9F       [0]    RCIP_bit
0x0F9F       [0]    ADIP_bit
0x0F9F       [0]    SSPIP_bit
0x0F9F       [0]    TMR1IP_bit
0x0F9F       [0]    TMR2IP_bit
0x0F9F       [1]    IPR1
0x0F9F       [0]    CCP1IP_bit
0x0FA0       [1]    PIE2
0x0FA0       [0]    BCLIE_bit
0x0FA0       [0]    EEIE_bit
0x0FA0       [0]    TMR3IE_bit
0x0FA0       [0]    LVDIE_bit
0x0FA0       [0]    OSCFIE_bit
0x0FA0       [0]    HLVDIE_bit
0x0FA0       [0]    USBIE_bit
0x0FA0       [0]    CMIE_bit
0x0FA0       [0]    CCP2IE_bit
0x0FA1       [0]    BCLIF_bit
0x0FA1       [0]    EEIF_bit
0x0FA1       [0]    TMR3IF_bit
0x0FA1       [0]    LVDIF_bit
0x0FA1       [0]    OSCFIF_bit
0x0FA1       [0]    HLVDIF_bit
0x0FA1       [0]    USBIF_bit
0x0FA1       [0]    CMIF_bit
0x0FA1       [0]    CCP2IF_bit
0x0FA1       [1]    PIR2
0x0FA2       [0]    BCLIP_bit
0x0FA2       [0]    EEIP_bit
0x0FA2       [0]    TMR3IP_bit
0x0FA2       [0]    LVDIP_bit
0x0FA2       [0]    OSCFIP_bit
0x0FA2       [0]    HLVDIP_bit
0x0FA2       [0]    USBIP_bit
0x0FA2       [0]    CMIP_bit
0x0FA2       [1]    IPR2
0x0FA2       [0]    CCP2IP_bit
0x0FA6       [0]    WREN_bit
0x0FA6       [0]    WR_bit
0x0FA6       [0]    WRERR_bit
0x0FA6       [0]    EEPGD_bit
0x0FA6       [0]    CFGS_bit
0x0FA6       [0]    FREE_bit
0x0FA6       [0]    RD_bit
0x0FA6       [1]    EECON1
0x0FA7       [1]    EECON2
0x0FA8       [1]    EEDATA
0x0FA9       [1]    EEADR
0x0FAB       [0]    SREN_bit
0x0FAB       [0]    CREN_bit
0x0FAB       [0]    RX9_bit
0x0FAB       [0]    SPEN_bit
0x0FAB       [0]    ADEN_bit
0x0FAB       [0]    ADDEN_bit
0x0FAB       [0]    RX9D_bit
0x0FAB       [1]    RCSTA
0x0FAB       [0]    FERR_bit
0x0FAB       [0]    OERR_bit
0x0FAC       [0]    TXEN_bit
0x0FAC       [0]    SYNC_bit
0x0FAC       [0]    CSRC_bit
0x0FAC       [0]    TX9_bit
0x0FAC       [0]    SENDB_bit
0x0FAC       [0]    TX9D_bit
0x0FAC       [1]    TXSTA
0x0FAC       [0]    BRGH_bit
0x0FAC       [0]    TRMT_bit
0x0FAD       [1]    TXREG
0x0FAE       [1]    RCREG
0x0FAF       [1]    SPBRG
0x0FB0       [1]    SPBRGH
0x0FB1       [0]    RD16_bit
0x0FB1       [0]    T3NSYNC_bit
0x0FB1       [0]    NOT_T3SYNC_bit
0x0FB1       [0]    T3SYNC_bit
0x0FB1       [0]    T3CCP1_bit
0x0FB1       [0]    TMR3CS_bit
0x0FB1       [1]    T3CON
0x0FB1       [0]    TMR3ON_bit
0x0FB1       [0]    T3CKPS1_bit
0x0FB1       [0]    T3CCP2_bit
0x0FB1       [0]    T3CKPS0_bit
0x0FB2       [1]    TMR3L
0x0FB3       [1]    TMR3H
0x0FB4       [1]    CMCON
0x0FB4       [0]    CM2_bit
0x0FB4       [0]    CIS_bit
0x0FB4       [0]    CM0_bit
0x0FB4       [0]    CM1_bit
0x0FB4       [0]    C1INV_bit
0x0FB4       [0]    C1OUT_bit
0x0FB4       [0]    C2OUT_bit
0x0FB4       [0]    C2INV_bit
0x0FB5       [1]    CVRCON
0x0FB5       [0]    CVR3_bit
0x0FB5       [0]    CVREF_bit
0x0FB5       [0]    CVR2_bit
0x0FB5       [0]    CVR0_bit
0x0FB5       [0]    CVR1_bit
0x0FB5       [0]    CVREN_bit
0x0FB5       [0]    CVRSS_bit
0x0FB5       [0]    CVRR_bit
0x0FB5       [0]    CVROE_bit
0x0FB6       [1]    ECCP1AS
0x0FB6       [0]    ECCPAS1_bit
0x0FB6       [0]    ECCPAS2_bit
0x0FB6       [0]    ECCPAS0_bit
0x0FB6       [0]    PSSAC0_bit
0x0FB6       [0]    PSSAC1_bit
0x0FB6       [1]    CCP1AS
0x0FB6       [0]    ECCPASE_bit
0x0FB7       [1]    ECCP1DEL
0x0FB7       [1]    CCP1DEL
0x0FB7       [0]    PRSEN_bit
0x0FB8       [1]    BAUDCON
0x0FB8       [0]    TXCKP_bit
0x0FB8       [0]    ABDOVF_bit
0x0FB8       [0]    RCMT_bit
0x0FB8       [0]    RXDTP_bit
0x0FB8       [0]    RCIDL_bit
0x0FB8       [0]    WUE_bit
0x0FB8       [0]    ABDEN_bit
0x0FB8       [0]    SCKP_bit
0x0FB8       [0]    BRG16_bit
0x0FBA       [0]    DC2B0_bit
0x0FBA       [0]    DC2B1_bit
0x0FBA       [1]    CCP2CON
0x0FBA       [0]    CCP2M3_bit
0x0FBA       [0]    CCP2M0_bit
0x0FBA       [0]    CCP2M1_bit
0x0FBA       [0]    CCP2M2_bit
0x0FBB       [1]    CCPR2L
0x0FBB       [2]    CCPR2
0x0FBC       [1]    CCPR2H
0x0FBD       [1]    CCP1CON
0x0FBD       [0]    CCP1M0_bit
0x0FBD       [0]    CCP1M2_bit
0x0FBD       [0]    CCP1M1_bit
0x0FBD       [0]    DC1B0_bit
0x0FBD       [0]    DC1B1_bit
0x0FBD       [0]    CCP1M3_bit
0x0FBE       [1]    CCPR1L
0x0FBE       [2]    CCPR1
0x0FBF       [1]    CCPR1H
0x0FC0       [1]    ADCON2
0x0FC0       [0]    ADCS2_bit
0x0FC0       [0]    ADFM_bit
0x0FC0       [0]    ACQT1_bit
0x0FC0       [0]    ACQT0_bit
0x0FC0       [0]    ACQT2_bit
0x0FC0       [0]    ADCS1_bit
0x0FC0       [0]    ADCS0_bit
0x0FC1       [0]    PCFG1_bit
0x0FC1       [0]    PCFG0_bit
0x0FC1       [0]    VCFG1_bit
0x0FC1       [0]    VCFG0_bit
0x0FC1       [0]    PCFG3_bit
0x0FC1       [0]    PCFG2_bit
0x0FC1       [1]    ADCON1
0x0FC2       [0]    GO_DONE_bit
0x0FC2       [0]    ADON_bit
0x0FC2       [1]    ADCON0
0x0FC2       [0]    CHS1_bit
0x0FC2       [0]    CHS0_bit
0x0FC2       [0]    DONE_bit
0x0FC2       [0]    GO_bit
0x0FC2       [0]    NOT_DONE_bit
0x0FC2       [0]    CHS3_bit
0x0FC2       [0]    CHS2_bit
0x0FC3       [2]    ADRES
0x0FC3       [1]    ADRESL
0x0FC4       [1]    ADRESH
0x0FC5       [0]    PEN_bit
0x0FC5       [0]    RSEN_bit
0x0FC5       [0]    SEN_bit
0x0FC5       [0]    RCEN_bit
0x0FC5       [0]    ACKSTAT_bit
0x0FC5       [0]    GCEN_bit
0x0FC5       [0]    ACKDT_bit
0x0FC5       [0]    ACKEN_bit
0x0FC5       [1]    SSPCON2
0x0FC6       [0]    SSPM3_bit
0x0FC6       [0]    CKP_bit
0x0FC6       [0]    SSPM2_bit
0x0FC6       [0]    SSPM0_bit
0x0FC6       [0]    SSPM1_bit
0x0FC6       [0]    WCOL_bit
0x0FC6       [1]    SSPCON1
0x0FC6       [0]    SSPEN_bit
0x0FC6       [0]    SSPOV_bit
0x0FC7       [1]    SSPSTAT
0x0FC7       [0]    SMP_bit
0x0FC7       [0]    CKE_bit
0x0FC7       [0]    I2C_READ_bit
0x0FC7       [0]    I2C_STOP__bit
0x0FC7       [0]    I2C_START__bit
0x0FC7       [0]    D_A_bit
0x0FC7       [0]    UA_bit
0x0FC7       [0]    BF_bit
0x0FC7       [0]    R_W_bit
0x0FC7       [0]    P_bit
0x0FC7       [0]    S_bit
0x0FC7       [0]    DATA_ADDRESS_bit
0x0FC7       [0]    READ_WRITE_bit
0x0FC7       [0]    D_bit
0x0FC7       [0]    R_bit
0x0FC7       [0]    NOT_ADDRESS_bit
0x0FC7       [0]    NOT_W_bit
0x0FC7       [0]    I2C_DAT_bit
0x0FC7       [0]    NOT_WRITE_bit
0x0FC7       [0]    NOT_A_bit
0x0FC8       [1]    SSPADD
0x0FC9       [1]    SSPBUF
0x0FCA       [0]    T2OUTPS0_bit
0x0FCA       [0]    TMR2ON_bit
0x0FCA       [0]    T2OUTPS1_bit
0x0FCA       [0]    T2OUTPS3_bit
0x0FCA       [0]    T2OUTPS2_bit
0x0FCA       [1]    T2CON
0x0FCA       [0]    T2CKPS0_bit
0x0FCA       [0]    T2CKPS1_bit
0x0FCB       [1]    PR2
0x0FCC       [1]    TMR2
0x0FCD       [0]    TMR1ON_bit
0x0FCD       [0]    RD16_T1CON_bit
0x0FCD       [0]    T1RUN_bit
0x0FCD       [1]    T1CON
0x0FCD       [0]    NOT_T1SYNC_bit
0x0FCD       [0]    T1CKPS1_bit
0x0FCD       [0]    T1SYNC_bit
0x0FCD       [0]    TMR1CS_bit
0x0FCD       [0]    T1CKPS0_bit
0x0FCD       [0]    T1OSCEN_bit
0x0FCE       [1]    TMR1L
0x0FCF       [1]    TMR1H
0x0FD0       [1]    RCON
0x0FD0       [0]    IPEN_bit
0x0FD0       [0]    POR_bit
0x0FD0       [0]    BOR_bit
0x0FD0       [0]    TO__bit
0x0FD0       [0]    PD_bit
0x0FD0       [0]    RI_bit
0x0FD0       [0]    NOT_IPEN_bit
0x0FD0       [0]    NOT_POR_bit
0x0FD0       [0]    NOT_TO_bit
0x0FD0       [0]    NOT_PD_bit
0x0FD0       [0]    SBOREN_bit
0x0FD0       [0]    NOT_RI_bit
0x0FD0       [0]    NOT_BOR_bit
0x0FD1       [0]    SWDTE_bit
0x0FD1       [0]    SWDTEN_bit
0x0FD1       [1]    WDTCON
0x0FD2       [0]    HLVDL1_bit
0x0FD2       [1]    LVDCON
0x0FD2       [0]    LVV3_bit
0x0FD2       [0]    BGST_bit
0x0FD2       [0]    HLVDL0_bit
0x0FD2       [0]    HLVDL3_bit
0x0FD2       [0]    HLVDL2_bit
0x0FD2       [0]    HLVDEN_bit
0x0FD2       [0]    IVRST_bit
0x0FD2       [0]    VDIRMAG_bit
0x0FD2       [0]    LVDL3_bit
0x0FD2       [0]    LVDEN_bit
0x0FD2       [1]    HLVDCON
0x0FD2       [0]    LVDL1_bit
0x0FD2       [0]    LVDL2_bit
0x0FD2       [0]    LVV2_bit
0x0FD2       [0]    LVDL0_bit
0x0FD2       [0]    LVV1_bit
0x0FD2       [0]    IRVST_bit
0x0FD2       [0]    LVV0_bit
0x0FD3       [0]    IRCF2_bit
0x0FD3       [0]    IRCF1_bit
0x0FD3       [0]    IDLEN_bit
0x0FD3       [1]    OSCCON
0x0FD3       [0]    FLTS_bit
0x0FD3       [0]    SCS1_bit
0x0FD3       [0]    SCS0_bit
0x0FD3       [0]    IOFS_bit
0x0FD3       [0]    IRCF0_bit
0x0FD3       [0]    OSTS_bit
0x0FD5       [0]    T08BIT_bit
0x0FD5       [0]    T0CS_bit
0x0FD5       [1]    T0CON
0x0FD5       [0]    TMR0ON_bit
0x0FD5       [0]    T0PS1_bit
0x0FD5       [0]    T0PS0_bit
0x0FD5       [0]    T0PS2_bit
0x0FD5       [0]    T0SE_bit
0x0FD5       [0]    PSA_bit
0x0FD6       [1]    TMR0L
0x0FD7       [1]    TMR0H
0x0FD8       [0]    OV_bit
0x0FD8       [0]    N_bit
0x0FD8       [1]    STATUS
0x0FD8       [0]    C_bit
0x0FD8       [0]    DC_bit
0x0FD8       [0]    Z_bit
0x0FD9       [2]    FSR2PTR
0x0FD9       [1]    FSR2L
0x0FD9       [2]    FSR2
0x0FDA       [1]    FSR2H
0x0FDB       [1]    PLUSW2
0x0FDC       [1]    PREINC2
0x0FDD       [1]    POSTDEC2
0x0FDE       [1]    POSTINC2
0x0FDF       [1]    INDF2
0x0FE0       [1]    BSR
0x0FE1       [2]    FSR1PTR
0x0FE1       [2]    FSR1
0x0FE1       [1]    FSR1L
0x0FE2       [1]    FSR1H
0x0FE3       [1]    PLUSW1
0x0FE4       [1]    PREINC1
0x0FE5       [1]    POSTDEC1
0x0FE6       [1]    POSTINC1
0x0FE7       [1]    INDF1
0x0FE8       [1]    WREG
0x0FE9       [2]    FSR0PTR
0x0FE9       [1]    FSR0L
0x0FE9       [2]    FSR0
0x0FEA       [1]    FSR0H
0x0FEB       [1]    PLUSW0
0x0FEC       [1]    PREINC0
0x0FED       [1]    POSTDEC0
0x0FEE       [1]    POSTINC0
0x0FEF       [1]    INDF0
0x0FF0       [0]    INT2E_bit
0x0FF0       [0]    INT1E_bit
0x0FF0       [0]    INT2P_bit
0x0FF0       [0]    INT1P_bit
0x0FF0       [0]    INT2IP_bit
0x0FF0       [0]    INT1IP_bit
0x0FF0       [0]    INT2F_bit
0x0FF0       [0]    INT1F_bit
0x0FF0       [1]    INTCON3
0x0FF0       [0]    INT1IE_bit
0x0FF0       [0]    INT2IF_bit
0x0FF0       [0]    INT1IF_bit
0x0FF0       [0]    INT2IE_bit
0x0FF1       [0]    NOT_RBPU_bit
0x0FF1       [0]    INTEDG0_bit
0x0FF1       [0]    T0IP_bit
0x0FF1       [0]    INTEDG1_bit
0x0FF1       [0]    RBPU_bit
0x0FF1       [0]    RBIP_bit
0x0FF1       [0]    TMR0IP_bit
0x0FF1       [0]    INTEDG2_bit
0x0FF1       [1]    INTCON2
0x0FF2       [0]    T0IF_bit
0x0FF2       [0]    INT0F_bit
0x0FF2       [0]    INT0IE_bit
0x0FF2       [0]    RBIE_bit
0x0FF2       [0]    TMR0IE_bit
0x0FF2       [0]    GIE_bit
0x0FF2       [0]    PEIE_bit
0x0FF2       [0]    INT0IF_bit
0x0FF2       [1]    INTCON
0x0FF2       [0]    GIEL_bit
0x0FF2       [0]    T0IE_bit
0x0FF2       [0]    RBIF_bit
0x0FF2       [0]    INT0E_bit
0x0FF2       [0]    TMR0IF_bit
0x0FF2       [0]    GIEH_bit
0x0FF3       [1]    PRODL
0x0FF3       [2]    PROD
0x0FF4       [1]    PRODH
0x0FF5       [1]    TABLAT
0x0FF6       [1]    TBLPTRL
0x0FF6       [3]    TBLPTR
0x0FF7       [1]    TBLPTRH
0x0FF8       [1]    TBLPTRU
0x0FF9       [1]    PCL
0x0FF9       [1]    PC
0x0FFA       [1]    PCLATH
0x0FFB       [0]    PCU3_bit
0x0FFB       [0]    PCU4_bit
0x0FFB       [1]    PCLATU
0x0FFB       [0]    PCU0_bit
0x0FFB       [0]    PCU1_bit
0x0FFB       [0]    PCU2_bit
0x0FFC       [0]    STKFUL_bit
0x0FFC       [0]    STKPTR2_bit
0x0FFC       [0]    STKPTR0_bit
0x0FFC       [1]    STKPTR
0x0FFC       [0]    STKPTR1_bit
0x0FFC       [0]    STKPTR3_bit
0x0FFC       [0]    STKUNF_bit
0x0FFC       [0]    STKPTR4_bit
0x0FFD       [1]    TOSL
0x0FFE       [1]    TOSH
0x0FFF       [1]    TOSU
//** Constants locations ** 
//ADDRESS    SIZE    CONSTANT
//----------------------------------------------
0x08B4       [3]    ?ICS?lstr9_GY_85_Project
0x08B7       [7]    ?ICS?lstr8_GY_85_Project
0x08BE       [3]    ?ICS?lstr7_GY_85_Project
0x08C1       [7]    ?ICS?lstr12_GY_85_Project
0x08C8       [3]    ?ICS?lstr11_GY_85_Project
0x08CB       [7]    ?ICS?lstr10_GY_85_Project
0x08D2       [3]    ?ICS?lstr6_GY_85_Project
0x08D5       [3]    ?ICS?lstr2_GY_85_Project
0x08D8       [7]    ?ICS?lstr1_GY_85_Project
0x08DF      [14]    ?ICS?lstr22_GY_85_Project
0x08ED       [7]    ?ICS?lstr5_GY_85_Project
0x08F4       [3]    ?ICS?lstr4_GY_85_Project
0x08F7       [7]    ?ICS?lstr3_GY_85_Project
0x08FE       [3]    ?ICS?lstr21_GY_85_Project
0x0901       [3]    ?ICS?lstr20_GY_85_Project
0x0904       [8]    ?ICS?lstr19_GY_85_Project
0x090C       [8]    ?ICS?lstr15_GY_85_Project
0x0914       [3]    ?ICS?lstr14_GY_85_Project
0x0917       [3]    ?ICS?lstr13_GY_85_Project
0x091A       [3]    ?ICS?lstr18_GY_85_Project
0x091D       [8]    ?ICS?lstr17_GY_85_Project
0x0925       [3]    ?ICS?lstr16_GY_85_Project
//** Label List: ** 
//----------------------------------------------
  L_Acc_Init0
  L_Acc_Init1
  L_Acc_Init2
  _accel_Read_Byte
  _Acc_Init
  _Acc_Read
  _HMC5883L_write
  _Magneto_Init
  _Magneto_Read
  _Gyro_Init
  _Gyro_Read
  L_main0
  L_main1
  L_main2
  L_main3
  L_main4
  L_main5
  L_main6
  _UART1_Printf
  _printf_result
  _GY_85_Init
  _GY_85_Read
  _main
  L_ByteToStr0
  L_ByteToStr1
  L_ByteToStr2
  L_ByteToStr3
  L_ByteToStr4
  L_ByteToStr5
  L_WordToStr6
  L_WordToStr7
  L_WordToStr8
  L_WordToStr9
  L_WordToStr10
  L_WordToStr11
  L_WordToStrWithZeros12
  L_WordToStrWithZeros13
  L_WordToStrWithZeros14
  L_WordToStrWithZeros15
  L_WordToStrWithZeros16
  L_ShortToStr17
  L_ShortToStr18
  L_ShortToStr19
  L_ShortToStr20
  L_ShortToStr21
  L_ShortToStr22
  L_IntToStr23
  L_IntToStr24
  L_IntToStr25
  L_IntToStr26
  L_IntToStr27
  L_IntToStr28
  L_IntToStrWithZeros29
  L_IntToStrWithZeros30
  L_IntToStrWithZeros31
  L_IntToStrWithZeros32
  L_IntToStrWithZeros33
  L_IntToStrWithZeros34
  L_IntToStrWithZeros35
  L_IntToStrWithZeros36
  L_LongWordToStr37
  L_LongWordToStr38
  L_LongWordToStr39
  L_LongWordToStr40
  L_LongWordToStr41
  L_LongWordToStr42
  L_LongWordToStrWithZeros43
  L_LongWordToStrWithZeros44
  L_LongWordToStrWithZeros45
  L_LongWordToStrWithZeros46
  L_LongWordToStrWithZeros47
  L_LongToStr48
  L_LongToStr49
  L_LongToStr50
  L_LongToStr51
  L_LongToStr52
  L_LongToStr53
  L_LongIntToStrWithZeros54
  L_LongIntToStrWithZeros55
  L_LongIntToStrWithZeros56
  L_LongIntToStrWithZeros57
  L_LongIntToStrWithZeros58
  L_LongIntToStrWithZeros59
  L_LongIntToStrWithZeros60
  L_LongIntToStrWithZeros61
  L_Dec2Bcd62
  L_Dec2Bcd63
  L_Rtrim64
  L_Rtrim65
  L_Ltrim66
  L_Ltrim67
  L_Ltrim68
  L_Ltrim69
  L_Ltrim70
  L_Ltrim71
  L_FloatToStr72
  L_FloatToStr73
  L_FloatToStr74
  L_FloatToStr75
  L_FloatToStr76
  L_FloatToStr77
  L_FloatToStr78
  L_FloatToStr79
  L_FloatToStr80
  L_FloatToStr81
  L_FloatToStr82
  L_FloatToStr83
  L_FloatToStr84
  L_FloatToStr85
  L_FloatToStr86
  L_FloatToStr87
  L_FloatToStr88
  L_FloatToStr89
  L_FloatToStr90
  L_FloatToStr91
  L_FloatToStr92
  L_FloatToStr93
  L__Ltrim94
  L__FloatToStr95
  _ByteToHex
  _ShortToHex
  _WordToHex
  _IntToHex
  _LongWordToHex
  _LongIntToHex
  _ByteToStr
  _WordToStr
  L__WordToStr96
  _WordToStrWithZeros
  L__WordToStrWithZeros97
  _ShortToStr
  L__ShortToStr98
  _IntToStr
  L__IntToStr99
  L__IntToStr100
  _IntToStrWithZeros
  L__IntToStrWithZeros101
  L__IntToStrWithZeros102
  L__IntToStrWithZeros103
  _LongWordToStr
  L__LongWordToStr104
  L__LongWordToStr105
  _LongWordToStrWithZeros
  L__LongWordToStrWithZeros106
  _LongToStr
  L__LongToStr107
  L__LongToStr108
  _LongIntToStrWithZeros
  L__LongIntToStrWithZeros109
  L__LongIntToStrWithZeros110
  L__LongIntToStrWithZeros111
  _Dec2Bcd
  _Bcd2Dec
  _Bcd2Dec16
  L__Bcd2Dec16112
  L__Bcd2Dec16113
  _Dec2Bcd16
  L__Dec2Bcd16114
  L__Dec2Bcd16115
  _Rtrim
  _Ltrim
  _FloatToStr
  L__FloatToStr116
  L__FloatToStr117
  L__FloatToStr118
  L__FloatToStr119
  L__FloatToStr120
  L_I2C1_Is_Idle0
  L_I2C1_Is_Idle1
  L_I2C1_Start2
  L_I2C1_Start3
  L_I2C1_Start4
  L_I2C1_Start5
  L_I2C1_Start6
  L_I2C1_Start7
  L_I2C1_Start8
  L_I2C1_Start9
  L_I2C1_Repeated_Start10
  L_I2C1_Repeated_Start11
  L_I2C1_Rd12
  L_I2C1_Rd13
  L_I2C1_Rd14
  L_I2C1_Rd15
  L_I2C1_Rd16
  L_I2C1_Rd17
  L_I2C1_Wr18
  L_I2C1_Wr19
  L_I2C1_Wr20
  L_I2C1_Wr21
  L_I2C1_Wr22
  L_I2C1_Wr23
  _I2C1_Init
  _I2C1_Is_Idle
  _I2C1_Start
  L__I2C1_Start24
  L__I2C1_Start25
  _I2C1_Repeated_Start
  _I2C1_Rd
  _I2C1_Wr
  _I2C1_Stop
  L_Div_16x16_S0
  L_Div_16x16_S1
  LOOPS3232A
  SADD22LA
  SOK22LA
  SADD22L8
  SOK22L8
  LOOPS3232B
  SADD22LB
  SOK22LB
  SADD22L16
  SOK22L16
  LOOPS3232C
  SADD22LC
  SOK22LC
  SADD22L24
  SOK22L24
  LOOPS3232D
  SADD22LD
  SOK22LD
  SOK22L
  L_Div_32x32_S6
  L_Div_32x32_S7
  L_Div_32x32_S8
  L_Div_32x32_S9
  FXD3232S
  END_ALL
  CA3232S
  C3232SX
  C3232SX1
  C3232S
  C3232S2
  C3232SX4
  C3232SOK
  C3232SX3
  C3232SX2
  avoid_comfrem
  LOOPU3232A
  UADD22LA
  UOK22LA
  UADD22L8
  UOK22L8
  LOOPU3232B
  UADD22LB
  UOK22LB
  UADD22L16
  UOK22L16
  LOOPU3232C
  UADD22LC
  UOK22LC
  UADD22L24
  UOK22L24
  LOOPU3232D
  UADD22LD
  UOK22LD
  UOK22L
  _NEXT
  _EXIT2
  _LOOP
  _EXIT1
  _IF_FIRST
  _IF_SECOND
  _INVERCE_FIRST
  _MULT
  _INBERSE_SECOND
  _EXIT
  _Div_8x8_U
  _Div_16x16_U
  _Div_16x16_S_L
  _Div_16x16_S
  _Div_8x8_S
  _Mul_8x8_S
  _Mul_16x16_U
  _Mul_16x16_S
  _SDIV3232L
  _COMFREM
  _Div_32x32_S
  _Div_32x32_U
  _Mul_32x32_U
  _Mul_32x32_S
  _CC2D_Loop1
  _CC2DL_Loop1
  L_longjmp2
  ___CC2D
  ___CC2DW
  _____DoIFC
  _Swap
  _setjmp
  _longjmp
  L_UART1_Init0
  L_UART1_Init1
  L_UART1_Read2
  L_UART1_Write3
  L_UART1_Write4
  L_UART1_Write_Text5
  L_UART1_Write_Text6
  L_UART1_Read_Text7
  L_UART1_Read_Text8
  L_UART1_Read_Text9
  L_UART1_Read_Text10
  L_UART1_Read_Text11
  L_UART1_Read_Text12
  L_UART1_Read_Text13
  L_UART1_Read_Text14
  L_UART1_Read_Text15
  _UART1_Init
  _UART1_Data_Ready
  _UART1_Read
  _UART1_Tx_Idle
  _UART1_Write
  _UART1_Write_Text
  _UART1_Read_Text
  _UART_Set_Active
